<?xml version="1.0" encoding="UTF-8"?>
<testsuites name="test Sauce Demo" time="502.712" tests="31" failures="1" errors="0">
   <testsuite name="test Sauce Demo" tests="31" failures="1" errors="0" time="502.712" skipped="0" timestamp="2023-08-30 20:27:16" hostname="USER - DESKTOP-22KTP91" id="Test Suites/test Sauce Demo">
      <properties>
[...]
</properties>
      <testcase name="Test Cases/1. login/TC-Login-Success-001" time="13.882" classname="Test Cases/1. login/TC-Login-Success-001" status="PASSED">
         <system-out><![CDATA[2023-08-30 20:27:17 - [TEST_CASE][PASSED] - Test Cases/1. login/TC-Login-Success-001: Test Cases/1. login/TC-Login-Success-001

2023-08-30 20:27:17 - [TEST_STEP][PASSED] - openBrowser(web): Browser is opened with url: 'https://www.saucedemo.com/inventory.html'

2023-08-30 20:27:18 - [MESSAGE][INFO] - Starting 'Edge Chromium' driver

2023-08-30 20:27:20 - [MESSAGE][INFO] - Action delay is set to 0 milliseconds

2023-08-30 20:27:26 - [MESSAGE][PASSED] - Browser is opened with url: 'https://www.saucedemo.com/inventory.html'

2023-08-30 20:27:26 - [TEST_STEP][PASSED] - maximizeWindow(): Current window maximized

2023-08-30 20:27:26 - [MESSAGE][PASSED] - Current window maximized

2023-08-30 20:27:26 - [TEST_STEP][PASSED] - verifyElementPresent(findTestObject("1. Login/halaman home swag labs"), 0): Object 'Object Repository/1. Login/halaman home swag labs' is present

2023-08-30 20:27:26 - [MESSAGE][WARNING] - Timeout '0' is invalid. Using default page load timeout: '30'

2023-08-30 20:27:27 - [MESSAGE][PASSED] - Object 'Object Repository/1. Login/halaman home swag labs' is present

2023-08-30 20:27:27 - [TEST_STEP][PASSED] - setText(findTestObject("1. Login/input username"), username): Text 'standard_user' is set on object 'Object Repository/1. Login/input username'

2023-08-30 20:27:28 - [MESSAGE][PASSED] - Text 'standard_user' is set on object 'Object Repository/1. Login/input username'

2023-08-30 20:27:28 - [TEST_STEP][PASSED] - setEncryptedText(findTestObject("1. Login/input password"), password): Text ****** has been set on object 'Object Repository/1. Login/input password'

2023-08-30 20:27:29 - [MESSAGE][PASSED] - Text ****** has been set on object 'Object Repository/1. Login/input password'

2023-08-30 20:27:29 - [TEST_STEP][PASSED] - click(findTestObject("1. Login/button Login")): Object: 'Object Repository/1. Login/button Login' is clicked on

2023-08-30 20:27:30 - [MESSAGE][PASSED] - Object: 'Object Repository/1. Login/button Login' is clicked on

2023-08-30 20:27:30 - [TEST_STEP][PASSED] - verifyElementText(findTestObject("1. Login/home product atau halaman Swag Labs"), "Swag Labs"): Actual text and expected text of test object 'Object Repository/1. Login/home product atau halaman Swag Labs' are matched.

2023-08-30 20:27:31 - [MESSAGE][PASSED] - Actual text and expected text of test object 'Object Repository/1. Login/home product atau halaman Swag Labs' are matched.]]></system-out>
         <system-err><![CDATA[]]></system-err>
      </testcase>
      <testcase name="Test Cases/1. login/TC-Login-Locked-001" time="14.115" classname="Test Cases/1. login/TC-Login-Locked-001" status="PASSED">
         <system-out><![CDATA[2023-08-30 20:27:31 - [TEST_CASE][PASSED] - Test Cases/1. login/TC-Login-Locked-001: Test Cases/1. login/TC-Login-Locked-001

2023-08-30 20:27:32 - [TEST_STEP][PASSED] - openBrowser(web): Browser is opened with url: 'https://www.saucedemo.com/inventory.html'

2023-08-30 20:27:32 - [MESSAGE][WARNING] - A browser is already opened. Closing browser and opening a new one

2023-08-30 20:27:33 - [MESSAGE][INFO] - Starting 'Edge Chromium' driver

2023-08-30 20:27:35 - [MESSAGE][INFO] - Action delay is set to 0 milliseconds

2023-08-30 20:27:37 - [MESSAGE][PASSED] - Browser is opened with url: 'https://www.saucedemo.com/inventory.html'

2023-08-30 20:27:37 - [TEST_STEP][PASSED] - maximizeWindow(): Current window maximized

2023-08-30 20:27:38 - [MESSAGE][PASSED] - Current window maximized

2023-08-30 20:27:38 - [TEST_STEP][PASSED] - verifyElementPresent(findTestObject("1. Login/halaman home swag labs"), 0): Object 'Object Repository/1. Login/halaman home swag labs' is present

2023-08-30 20:27:38 - [MESSAGE][WARNING] - Timeout '0' is invalid. Using default page load timeout: '30'

2023-08-30 20:27:38 - [MESSAGE][PASSED] - Object 'Object Repository/1. Login/halaman home swag labs' is present

2023-08-30 20:27:38 - [TEST_STEP][PASSED] - setText(findTestObject("1. Login/input username"), "dianty"): Text 'dianty' is set on object 'Object Repository/1. Login/input username'

2023-08-30 20:27:39 - [MESSAGE][PASSED] - Text 'dianty' is set on object 'Object Repository/1. Login/input username'

2023-08-30 20:27:39 - [TEST_STEP][PASSED] - setEncryptedText(findTestObject("1. Login/input password"), "tSupps0lC3o="): Text ****** has been set on object 'Object Repository/1. Login/input password'

2023-08-30 20:27:40 - [MESSAGE][PASSED] - Text ****** has been set on object 'Object Repository/1. Login/input password'

2023-08-30 20:27:40 - [TEST_STEP][PASSED] - click(findTestObject("1. Login/button Login")): Object: 'Object Repository/1. Login/button Login' is clicked on

2023-08-30 20:27:41 - [MESSAGE][PASSED] - Object: 'Object Repository/1. Login/button Login' is clicked on

2023-08-30 20:27:41 - [TEST_STEP][PASSED] - verifyElementText(findTestObject("1. Login/error salah usn dan password"), "Epic sadface: Username and password do not match any user in this service"): Actual text and expected text of test object 'Object Repository/1. Login/error salah usn dan password' are matched.

2023-08-30 20:27:41 - [MESSAGE][PASSED] - Actual text and expected text of test object 'Object Repository/1. Login/error salah usn dan password' are matched.

2023-08-30 20:27:41 - [TEST_STEP][PASSED] - delay(3): Delayed 3 second(s)

2023-08-30 20:27:44 - [MESSAGE][PASSED] - Delayed 3 second(s)

2023-08-30 20:27:44 - [TEST_STEP][PASSED] - closeBrowser(): Browser is closed

2023-08-30 20:27:45 - [MESSAGE][PASSED] - Browser is closed]]></system-out>
         <system-err><![CDATA[]]></system-err>
      </testcase>
      <testcase name="Test Cases/1. login/TC-Login-Failed-001" time="8.527" classname="Test Cases/1. login/TC-Login-Failed-001" status="PASSED">
         <system-out><![CDATA[2023-08-30 20:27:45 - [TEST_CASE][PASSED] - Test Cases/1. login/TC-Login-Failed-001: Test Cases/1. login/TC-Login-Failed-001

2023-08-30 20:27:45 - [TEST_STEP][PASSED] - openBrowser(web): Browser is opened with url: 'https://www.saucedemo.com/inventory.html'

2023-08-30 20:27:45 - [MESSAGE][INFO] - Starting 'Edge Chromium' driver

2023-08-30 20:27:47 - [MESSAGE][INFO] - Action delay is set to 0 milliseconds

2023-08-30 20:27:50 - [MESSAGE][PASSED] - Browser is opened with url: 'https://www.saucedemo.com/inventory.html'

2023-08-30 20:27:50 - [TEST_STEP][PASSED] - maximizeWindow(): Current window maximized

2023-08-30 20:27:50 - [MESSAGE][PASSED] - Current window maximized

2023-08-30 20:27:50 - [TEST_STEP][PASSED] - verifyElementPresent(findTestObject("1. Login/halaman home swag labs"), 0): Object 'Object Repository/1. Login/halaman home swag labs' is present

2023-08-30 20:27:50 - [MESSAGE][WARNING] - Timeout '0' is invalid. Using default page load timeout: '30'

2023-08-30 20:27:50 - [MESSAGE][PASSED] - Object 'Object Repository/1. Login/halaman home swag labs' is present

2023-08-30 20:27:50 - [TEST_STEP][PASSED] - setText(findTestObject("1. Login/input username"), username): Text 'standard_user' is set on object 'Object Repository/1. Login/input username'

2023-08-30 20:27:51 - [MESSAGE][PASSED] - Text 'standard_user' is set on object 'Object Repository/1. Login/input username'

2023-08-30 20:27:51 - [TEST_STEP][PASSED] - setEncryptedText(findTestObject("1. Login/input password"), password): Text ****** has been set on object 'Object Repository/1. Login/input password'

2023-08-30 20:27:52 - [MESSAGE][PASSED] - Text ****** has been set on object 'Object Repository/1. Login/input password'

2023-08-30 20:27:52 - [TEST_STEP][PASSED] - click(findTestObject("1. Login/button Login")): Object: 'Object Repository/1. Login/button Login' is clicked on

2023-08-30 20:27:53 - [MESSAGE][PASSED] - Object: 'Object Repository/1. Login/button Login' is clicked on

2023-08-30 20:27:53 - [TEST_STEP][PASSED] - verifyElementText(findTestObject("1. Login/home product atau halaman Swag Labs"), "Swag Labs"): Actual text and expected text of test object 'Object Repository/1. Login/home product atau halaman Swag Labs' are matched.

2023-08-30 20:27:53 - [MESSAGE][PASSED] - Actual text and expected text of test object 'Object Repository/1. Login/home product atau halaman Swag Labs' are matched.]]></system-out>
         <system-err><![CDATA[]]></system-err>
      </testcase>
      <testcase name="Test Cases/1. login/TC-Login-Failed-002" time="8.026" classname="Test Cases/1. login/TC-Login-Failed-002" status="FAILED">
         <failure type="FAILED" message="Test Cases/1. login/TC-Login-Failed-002 FAILED.
Reason:
com.kms.katalon.core.exception.StepFailedException: Verify element text of test object 'Object Repository/1. Login/error meminta pasword' FAILED.
	at com.kms.katalon.core.webui.keyword.internal.WebUIKeywordMain.stepFailed(WebUIKeywordMain.groovy:64)
	at com.kms.katalon.core.webui.keyword.internal.WebUIKeywordMain.runKeyword(WebUIKeywordMain.groovy:26)
	at com.kms.katalon.core.webui.keyword.builtin.VerifyElementTextKeyword.verifyElementText(VerifyElementTextKeyword.groovy:72)
	at com.kms.katalon.core.webui.keyword.builtin.VerifyElementTextKeyword.execute(VerifyElementTextKeyword.groovy:40)
	at com.kms.katalon.core.keyword.internal.KeywordExecutor.executeKeywordForPlatform(KeywordExecutor.groovy:74)
	at com.kms.katalon.core.webui.keyword.WebUiBuiltInKeywords.verifyElementText(WebUiBuiltInKeywords.groovy:4749)
	at com.kms.katalon.core.webui.keyword.WebUiBuiltInKeywords$verifyElementText$5.call(Unknown Source)
	at TC-Login-Failed-002.run(TC-Login-Failed-002:30)
	at com.kms.katalon.core.main.ScriptEngine.run(ScriptEngine.java:194)
	at com.kms.katalon.core.main.ScriptEngine.runScriptAsRawText(ScriptEngine.java:119)
	at com.kms.katalon.core.main.TestCaseExecutor.runScript(TestCaseExecutor.java:448)
	at com.kms.katalon.core.main.TestCaseExecutor.doExecute(TestCaseExecutor.java:439)
	at com.kms.katalon.core.main.TestCaseExecutor.processExecutionPhase(TestCaseExecutor.java:418)
	at com.kms.katalon.core.main.TestCaseExecutor.accessMainPhase(TestCaseExecutor.java:410)
	at com.kms.katalon.core.main.TestCaseExecutor.execute(TestCaseExecutor.java:285)
	at com.kms.katalon.core.main.TestCaseExecutor.execute(TestCaseExecutor.java:369)
	at com.kms.katalon.core.main.TestCaseExecutor.execute(TestCaseExecutor.java:369)
	at com.kms.katalon.core.main.TestCaseExecutor.execute(TestCaseExecutor.java:369)
	at com.kms.katalon.core.common.CommonExecutor.accessTestCaseMainPhase(CommonExecutor.java:65)
	at com.kms.katalon.core.main.TestSuiteExecutor.accessTestSuiteMainPhase(TestSuiteExecutor.java:148)
	at com.kms.katalon.core.main.TestSuiteExecutor.execute(TestSuiteExecutor.java:106)
	at com.kms.katalon.core.main.TestCaseMain.startTestSuite(TestCaseMain.java:187)
	at com.kms.katalon.core.main.TestCaseMain$startTestSuite$0.call(Unknown Source)
	at TempTestSuite1693402027019.run(TempTestSuite1693402027019.groovy:36)
Caused by: com.kms.katalon.core.exception.StepFailedException: Actual text 'Epic sadface: Password is required' and expected text 'Login failed! Please ensure the password are valid.' of test object 'Object Repository/1. Login/error meminta pasword' are NOT matched.
	at com.kms.katalon.core.webui.keyword.internal.WebUIKeywordMain.stepFailed(WebUIKeywordMain.groovy:64)
	at com.kms.katalon.core.webui.keyword.builtin.VerifyElementTextKeyword$_verifyElementText_closure1.doCall(VerifyElementTextKeyword.groovy:57)
	at com.kms.katalon.core.webui.keyword.builtin.VerifyElementTextKeyword$_verifyElementText_closure1.call(VerifyElementTextKeyword.groovy)
	at com.kms.katalon.core.webui.keyword.internal.WebUIKeywordMain.runKeyword(WebUIKeywordMain.groovy:20)
	... 22 more
"/>
         <system-out><![CDATA[2023-08-30 20:28:22 - [TEST_CASE][FAILED] - Test Cases/1. login/TC-Login-Failed-002: Test Cases/1. login/TC-Login-Failed-002 FAILED.
Reason:
com.kms.katalon.core.exception.StepFailedException: Verify element text of test object 'Object Repository/1. Login/error meminta pasword' FAILED.
	at com.kms.katalon.core.webui.keyword.internal.WebUIKeywordMain.stepFailed(WebUIKeywordMain.groovy:64)
	at com.kms.katalon.core.webui.keyword.internal.WebUIKeywordMain.runKeyword(WebUIKeywordMain.groovy:26)
	at com.kms.katalon.core.webui.keyword.builtin.VerifyElementTextKeyword.verifyElementText(VerifyElementTextKeyword.groovy:72)
	at com.kms.katalon.core.webui.keyword.builtin.VerifyElementTextKeyword.execute(VerifyElementTextKeyword.groovy:40)
	at com.kms.katalon.core.keyword.internal.KeywordExecutor.executeKeywordForPlatform(KeywordExecutor.groovy:74)
	at com.kms.katalon.core.webui.keyword.WebUiBuiltInKeywords.verifyElementText(WebUiBuiltInKeywords.groovy:4749)
	at com.kms.katalon.core.webui.keyword.WebUiBuiltInKeywords$verifyElementText$5.call(Unknown Source)
	at TC-Login-Failed-002.run(TC-Login-Failed-002:30)
	at com.kms.katalon.core.main.ScriptEngine.run(ScriptEngine.java:194)
	at com.kms.katalon.core.main.ScriptEngine.runScriptAsRawText(ScriptEngine.java:119)
	at com.kms.katalon.core.main.TestCaseExecutor.runScript(TestCaseExecutor.java:448)
	at com.kms.katalon.core.main.TestCaseExecutor.doExecute(TestCaseExecutor.java:439)
	at com.kms.katalon.core.main.TestCaseExecutor.processExecutionPhase(TestCaseExecutor.java:418)
	at com.kms.katalon.core.main.TestCaseExecutor.accessMainPhase(TestCaseExecutor.java:410)
	at com.kms.katalon.core.main.TestCaseExecutor.execute(TestCaseExecutor.java:285)
	at com.kms.katalon.core.main.TestCaseExecutor.execute(TestCaseExecutor.java:369)
	at com.kms.katalon.core.main.TestCaseExecutor.execute(TestCaseExecutor.java:369)
	at com.kms.katalon.core.main.TestCaseExecutor.execute(TestCaseExecutor.java:369)
	at com.kms.katalon.core.common.CommonExecutor.accessTestCaseMainPhase(CommonExecutor.java:65)
	at com.kms.katalon.core.main.TestSuiteExecutor.accessTestSuiteMainPhase(TestSuiteExecutor.java:148)
	at com.kms.katalon.core.main.TestSuiteExecutor.execute(TestSuiteExecutor.java:106)
	at com.kms.katalon.core.main.TestCaseMain.startTestSuite(TestCaseMain.java:187)
	at com.kms.katalon.core.main.TestCaseMain$startTestSuite$0.call(Unknown Source)
	at TempTestSuite1693402027019.run(TempTestSuite1693402027019.groovy:36)
Caused by: com.kms.katalon.core.exception.StepFailedException: Actual text 'Epic sadface: Password is required' and expected text 'Login failed! Please ensure the password are valid.' of test object 'Object Repository/1. Login/error meminta pasword' are NOT matched.
	at com.kms.katalon.core.webui.keyword.internal.WebUIKeywordMain.stepFailed(WebUIKeywordMain.groovy:64)
	at com.kms.katalon.core.webui.keyword.builtin.VerifyElementTextKeyword$_verifyElementText_closure1.doCall(VerifyElementTextKeyword.groovy:57)
	at com.kms.katalon.core.webui.keyword.builtin.VerifyElementTextKeyword$_verifyElementText_closure1.call(VerifyElementTextKeyword.groovy)
	at com.kms.katalon.core.webui.keyword.internal.WebUIKeywordMain.runKeyword(WebUIKeywordMain.groovy:20)
	... 22 more


2023-08-30 20:28:22 - [TEST_STEP][PASSED] - openBrowser(web): Browser is opened with url: 'https://www.saucedemo.com/inventory.html'

2023-08-30 20:28:22 - [MESSAGE][WARNING] - A browser is already opened. Closing browser and opening a new one

2023-08-30 20:28:22 - [MESSAGE][INFO] - Starting 'Edge Chromium' driver

2023-08-30 20:28:25 - [MESSAGE][INFO] - Action delay is set to 0 milliseconds

2023-08-30 20:28:27 - [MESSAGE][PASSED] - Browser is opened with url: 'https://www.saucedemo.com/inventory.html'

2023-08-30 20:28:27 - [TEST_STEP][PASSED] - maximizeWindow(): Current window maximized

2023-08-30 20:28:27 - [MESSAGE][PASSED] - Current window maximized

2023-08-30 20:28:27 - [TEST_STEP][PASSED] - verifyElementPresent(findTestObject("1. Login/halaman home swag labs"), 0): Object 'Object Repository/1. Login/halaman home swag labs' is present

2023-08-30 20:28:27 - [MESSAGE][WARNING] - Timeout '0' is invalid. Using default page load timeout: '30'

2023-08-30 20:28:27 - [MESSAGE][PASSED] - Object 'Object Repository/1. Login/halaman home swag labs' is present

2023-08-30 20:28:27 - [TEST_STEP][PASSED] - setText(findTestObject("1. Login/input username"), username): Text 'standard_user' is set on object 'Object Repository/1. Login/input username'

2023-08-30 20:28:28 - [MESSAGE][PASSED] - Text 'standard_user' is set on object 'Object Repository/1. Login/input username'

2023-08-30 20:28:28 - [TEST_STEP][PASSED] - click(findTestObject("1. Login/button Login")): Object: 'Object Repository/1. Login/button Login' is clicked on

2023-08-30 20:28:29 - [MESSAGE][PASSED] - Object: 'Object Repository/1. Login/button Login' is clicked on

2023-08-30 20:28:29 - [TEST_STEP][FAILED] - verifyElementText(findTestObject("1. Login/error meminta pasword"), "Login failed! Please ensure the password are valid."): Verify element text of test object 'Object Repository/1. Login/error meminta pasword' FAILED. (Root cause: com.kms.katalon.core.exception.StepFailedException: Verify element text of test object 'Object Repository/1. Login/error meminta pasword' FAILED.
	at com.kms.katalon.core.webui.keyword.internal.WebUIKeywordMain.stepFailed(WebUIKeywordMain.groovy:64)
	at com.kms.katalon.core.webui.keyword.internal.WebUIKeywordMain.runKeyword(WebUIKeywordMain.groovy:26)
	at com.kms.katalon.core.webui.keyword.builtin.VerifyElementTextKeyword.verifyElementText(VerifyElementTextKeyword.groovy:72)
	at com.kms.katalon.core.webui.keyword.builtin.VerifyElementTextKeyword.execute(VerifyElementTextKeyword.groovy:40)
	at com.kms.katalon.core.keyword.internal.KeywordExecutor.executeKeywordForPlatform(KeywordExecutor.groovy:74)
	at com.kms.katalon.core.webui.keyword.WebUiBuiltInKeywords.verifyElementText(WebUiBuiltInKeywords.groovy:4749)
	at com.kms.katalon.core.webui.keyword.WebUiBuiltInKeywords$verifyElementText$5.call(Unknown Source)
	at TC-Login-Failed-002.run(TC-Login-Failed-002:30)
	at com.kms.katalon.core.main.ScriptEngine.run(ScriptEngine.java:194)
	at com.kms.katalon.core.main.ScriptEngine.runScriptAsRawText(ScriptEngine.java:119)
	at com.kms.katalon.core.main.TestCaseExecutor.runScript(TestCaseExecutor.java:448)
	at com.kms.katalon.core.main.TestCaseExecutor.doExecute(TestCaseExecutor.java:439)
	at com.kms.katalon.core.main.TestCaseExecutor.processExecutionPhase(TestCaseExecutor.java:418)
	at com.kms.katalon.core.main.TestCaseExecutor.accessMainPhase(TestCaseExecutor.java:410)
	at com.kms.katalon.core.main.TestCaseExecutor.execute(TestCaseExecutor.java:285)
	at com.kms.katalon.core.main.TestCaseExecutor.execute(TestCaseExecutor.java:369)
	at com.kms.katalon.core.main.TestCaseExecutor.execute(TestCaseExecutor.java:369)
	at com.kms.katalon.core.main.TestCaseExecutor.execute(TestCaseExecutor.java:369)
	at com.kms.katalon.core.common.CommonExecutor.accessTestCaseMainPhase(CommonExecutor.java:65)
	at com.kms.katalon.core.main.TestSuiteExecutor.accessTestSuiteMainPhase(TestSuiteExecutor.java:148)
	at com.kms.katalon.core.main.TestSuiteExecutor.execute(TestSuiteExecutor.java:106)
	at com.kms.katalon.core.main.TestCaseMain.startTestSuite(TestCaseMain.java:187)
	at com.kms.katalon.core.main.TestCaseMain$startTestSuite$0.call(Unknown Source)
	at TempTestSuite1693402027019.run(TempTestSuite1693402027019.groovy:36)
Caused by: com.kms.katalon.core.exception.StepFailedException: Actual text 'Epic sadface: Password is required' and expected text 'Login failed! Please ensure the password are valid.' of test object 'Object Repository/1. Login/error meminta pasword' are NOT matched.
	at com.kms.katalon.core.webui.keyword.internal.WebUIKeywordMain.stepFailed(WebUIKeywordMain.groovy:64)
	at com.kms.katalon.core.webui.keyword.builtin.VerifyElementTextKeyword$_verifyElementText_closure1.doCall(VerifyElementTextKeyword.groovy:57)
	at com.kms.katalon.core.webui.keyword.builtin.VerifyElementTextKeyword$_verifyElementText_closure1.call(VerifyElementTextKeyword.groovy)
	at com.kms.katalon.core.webui.keyword.internal.WebUIKeywordMain.runKeyword(WebUIKeywordMain.groovy:20)
	... 22 more
)

2023-08-30 20:28:29 - [MESSAGE][FAILED] - Actual text 'Epic sadface: Password is required' and expected text 'Login failed! Please ensure the password are valid.' of test object 'Object Repository/1. Login/error meminta pasword' are NOT matched. (Root cause: com.kms.katalon.core.exception.StepFailedException: Actual text 'Epic sadface: Password is required' and expected text 'Login failed! Please ensure the password are valid.' of test object 'Object Repository/1. Login/error meminta pasword' are NOT matched.
	at com.kms.katalon.core.webui.keyword.internal.WebUIKeywordMain.stepFailed(WebUIKeywordMain.groovy:64)
	at com.kms.katalon.core.webui.keyword.builtin.VerifyElementTextKeyword$_verifyElementText_closure1.doCall(VerifyElementTextKeyword.groovy:57)
	at com.kms.katalon.core.webui.keyword.builtin.VerifyElementTextKeyword$_verifyElementText_closure1.call(VerifyElementTextKeyword.groovy)
	at com.kms.katalon.core.webui.keyword.internal.WebUIKeywordMain.runKeyword(WebUIKeywordMain.groovy:20)
	at com.kms.katalon.core.webui.keyword.builtin.VerifyElementTextKeyword.verifyElementText(VerifyElementTextKeyword.groovy:72)
	at com.kms.katalon.core.webui.keyword.builtin.VerifyElementTextKeyword.execute(VerifyElementTextKeyword.groovy:40)
	at com.kms.katalon.core.keyword.internal.KeywordExecutor.executeKeywordForPlatform(KeywordExecutor.groovy:74)
	at com.kms.katalon.core.webui.keyword.WebUiBuiltInKeywords.verifyElementText(WebUiBuiltInKeywords.groovy:4749)
	at com.kms.katalon.core.webui.keyword.WebUiBuiltInKeywords$verifyElementText$5.call(Unknown Source)
	at TC-Login-Failed-002.run(TC-Login-Failed-002:30)
	at com.kms.katalon.core.main.ScriptEngine.run(ScriptEngine.java:194)
	at com.kms.katalon.core.main.ScriptEngine.runScriptAsRawText(ScriptEngine.java:119)
	at com.kms.katalon.core.main.TestCaseExecutor.runScript(TestCaseExecutor.java:448)
	at com.kms.katalon.core.main.TestCaseExecutor.doExecute(TestCaseExecutor.java:439)
	at com.kms.katalon.core.main.TestCaseExecutor.processExecutionPhase(TestCaseExecutor.java:418)
	at com.kms.katalon.core.main.TestCaseExecutor.accessMainPhase(TestCaseExecutor.java:410)
	at com.kms.katalon.core.main.TestCaseExecutor.execute(TestCaseExecutor.java:285)
	at com.kms.katalon.core.main.TestCaseExecutor.execute(TestCaseExecutor.java:369)
	at com.kms.katalon.core.main.TestCaseExecutor.execute(TestCaseExecutor.java:369)
	at com.kms.katalon.core.main.TestCaseExecutor.execute(TestCaseExecutor.java:369)
	at com.kms.katalon.core.common.CommonExecutor.accessTestCaseMainPhase(CommonExecutor.java:65)
	at com.kms.katalon.core.main.TestSuiteExecutor.accessTestSuiteMainPhase(TestSuiteExecutor.java:148)
	at com.kms.katalon.core.main.TestSuiteExecutor.execute(TestSuiteExecutor.java:106)
	at com.kms.katalon.core.main.TestCaseMain.startTestSuite(TestCaseMain.java:187)
	at com.kms.katalon.core.main.TestCaseMain$startTestSuite$0.call(Unknown Source)
	at TempTestSuite1693402027019.run(TempTestSuite1693402027019.groovy:36)
)
[[ATTACHMENT|F:\\bootcamp\\batch-324-qa\\Ika\\Sauce demo\\Reports\\20230830_202706\\test Sauce Demo\\20230830_202707\\1693402109795.png]]

2023-08-30 20:28:30 - [MESSAGE][FAILED] - Verify element text of test object 'Object Repository/1. Login/error meminta pasword' FAILED. (Root cause: com.kms.katalon.core.exception.StepFailedException: Verify element text of test object 'Object Repository/1. Login/error meminta pasword' FAILED.
	at com.kms.katalon.core.webui.keyword.internal.WebUIKeywordMain.stepFailed(WebUIKeywordMain.groovy:64)
	at com.kms.katalon.core.webui.keyword.internal.WebUIKeywordMain.runKeyword(WebUIKeywordMain.groovy:26)
	at com.kms.katalon.core.webui.keyword.builtin.VerifyElementTextKeyword.verifyElementText(VerifyElementTextKeyword.groovy:72)
	at com.kms.katalon.core.webui.keyword.builtin.VerifyElementTextKeyword.execute(VerifyElementTextKeyword.groovy:40)
	at com.kms.katalon.core.keyword.internal.KeywordExecutor.executeKeywordForPlatform(KeywordExecutor.groovy:74)
	at com.kms.katalon.core.webui.keyword.WebUiBuiltInKeywords.verifyElementText(WebUiBuiltInKeywords.groovy:4749)
	at com.kms.katalon.core.webui.keyword.WebUiBuiltInKeywords$verifyElementText$5.call(Unknown Source)
	at TC-Login-Failed-002.run(TC-Login-Failed-002:30)
	at com.kms.katalon.core.main.ScriptEngine.run(ScriptEngine.java:194)
	at com.kms.katalon.core.main.ScriptEngine.runScriptAsRawText(ScriptEngine.java:119)
	at com.kms.katalon.core.main.TestCaseExecutor.runScript(TestCaseExecutor.java:448)
	at com.kms.katalon.core.main.TestCaseExecutor.doExecute(TestCaseExecutor.java:439)
	at com.kms.katalon.core.main.TestCaseExecutor.processExecutionPhase(TestCaseExecutor.java:418)
	at com.kms.katalon.core.main.TestCaseExecutor.accessMainPhase(TestCaseExecutor.java:410)
	at com.kms.katalon.core.main.TestCaseExecutor.execute(TestCaseExecutor.java:285)
	at com.kms.katalon.core.main.TestCaseExecutor.execute(TestCaseExecutor.java:369)
	at com.kms.katalon.core.main.TestCaseExecutor.execute(TestCaseExecutor.java:369)
	at com.kms.katalon.core.main.TestCaseExecutor.execute(TestCaseExecutor.java:369)
	at com.kms.katalon.core.common.CommonExecutor.accessTestCaseMainPhase(CommonExecutor.java:65)
	at com.kms.katalon.core.main.TestSuiteExecutor.accessTestSuiteMainPhase(TestSuiteExecutor.java:148)
	at com.kms.katalon.core.main.TestSuiteExecutor.execute(TestSuiteExecutor.java:106)
	at com.kms.katalon.core.main.TestCaseMain.startTestSuite(TestCaseMain.java:187)
	at com.kms.katalon.core.main.TestCaseMain$startTestSuite$0.call(Unknown Source)
	at TempTestSuite1693402027019.run(TempTestSuite1693402027019.groovy:36)
Caused by: com.kms.katalon.core.exception.StepFailedException: Actual text 'Epic sadface: Password is required' and expected text 'Login failed! Please ensure the password are valid.' of test object 'Object Repository/1. Login/error meminta pasword' are NOT matched.
	at com.kms.katalon.core.webui.keyword.internal.WebUIKeywordMain.stepFailed(WebUIKeywordMain.groovy:64)
	at com.kms.katalon.core.webui.keyword.builtin.VerifyElementTextKeyword$_verifyElementText_closure1.doCall(VerifyElementTextKeyword.groovy:57)
	at com.kms.katalon.core.webui.keyword.builtin.VerifyElementTextKeyword$_verifyElementText_closure1.call(VerifyElementTextKeyword.groovy)
	at com.kms.katalon.core.webui.keyword.internal.WebUIKeywordMain.runKeyword(WebUIKeywordMain.groovy:20)
	... 22 more
)
[[ATTACHMENT|F:\\bootcamp\\batch-324-qa\\Ika\\Sauce demo\\Reports\\20230830_202706\\test Sauce Demo\\20230830_202707\\1693402109993.png]]]]></system-out>
         <system-err><![CDATA[2023-08-30 20:28:22 - [TEST_CASE][FAILED] - Test Cases/1. login/TC-Login-Failed-002: Test Cases/1. login/TC-Login-Failed-002 FAILED.
Reason:
com.kms.katalon.core.exception.StepFailedException: Verify element text of test object 'Object Repository/1. Login/error meminta pasword' FAILED.
	at com.kms.katalon.core.webui.keyword.internal.WebUIKeywordMain.stepFailed(WebUIKeywordMain.groovy:64)
	at com.kms.katalon.core.webui.keyword.internal.WebUIKeywordMain.runKeyword(WebUIKeywordMain.groovy:26)
	at com.kms.katalon.core.webui.keyword.builtin.VerifyElementTextKeyword.verifyElementText(VerifyElementTextKeyword.groovy:72)
	at com.kms.katalon.core.webui.keyword.builtin.VerifyElementTextKeyword.execute(VerifyElementTextKeyword.groovy:40)
	at com.kms.katalon.core.keyword.internal.KeywordExecutor.executeKeywordForPlatform(KeywordExecutor.groovy:74)
	at com.kms.katalon.core.webui.keyword.WebUiBuiltInKeywords.verifyElementText(WebUiBuiltInKeywords.groovy:4749)
	at com.kms.katalon.core.webui.keyword.WebUiBuiltInKeywords$verifyElementText$5.call(Unknown Source)
	at TC-Login-Failed-002.run(TC-Login-Failed-002:30)
	at com.kms.katalon.core.main.ScriptEngine.run(ScriptEngine.java:194)
	at com.kms.katalon.core.main.ScriptEngine.runScriptAsRawText(ScriptEngine.java:119)
	at com.kms.katalon.core.main.TestCaseExecutor.runScript(TestCaseExecutor.java:448)
	at com.kms.katalon.core.main.TestCaseExecutor.doExecute(TestCaseExecutor.java:439)
	at com.kms.katalon.core.main.TestCaseExecutor.processExecutionPhase(TestCaseExecutor.java:418)
	at com.kms.katalon.core.main.TestCaseExecutor.accessMainPhase(TestCaseExecutor.java:410)
	at com.kms.katalon.core.main.TestCaseExecutor.execute(TestCaseExecutor.java:285)
	at com.kms.katalon.core.main.TestCaseExecutor.execute(TestCaseExecutor.java:369)
	at com.kms.katalon.core.main.TestCaseExecutor.execute(TestCaseExecutor.java:369)
	at com.kms.katalon.core.main.TestCaseExecutor.execute(TestCaseExecutor.java:369)
	at com.kms.katalon.core.common.CommonExecutor.accessTestCaseMainPhase(CommonExecutor.java:65)
	at com.kms.katalon.core.main.TestSuiteExecutor.accessTestSuiteMainPhase(TestSuiteExecutor.java:148)
	at com.kms.katalon.core.main.TestSuiteExecutor.execute(TestSuiteExecutor.java:106)
	at com.kms.katalon.core.main.TestCaseMain.startTestSuite(TestCaseMain.java:187)
	at com.kms.katalon.core.main.TestCaseMain$startTestSuite$0.call(Unknown Source)
	at TempTestSuite1693402027019.run(TempTestSuite1693402027019.groovy:36)
Caused by: com.kms.katalon.core.exception.StepFailedException: Actual text 'Epic sadface: Password is required' and expected text 'Login failed! Please ensure the password are valid.' of test object 'Object Repository/1. Login/error meminta pasword' are NOT matched.
	at com.kms.katalon.core.webui.keyword.internal.WebUIKeywordMain.stepFailed(WebUIKeywordMain.groovy:64)
	at com.kms.katalon.core.webui.keyword.builtin.VerifyElementTextKeyword$_verifyElementText_closure1.doCall(VerifyElementTextKeyword.groovy:57)
	at com.kms.katalon.core.webui.keyword.builtin.VerifyElementTextKeyword$_verifyElementText_closure1.call(VerifyElementTextKeyword.groovy)
	at com.kms.katalon.core.webui.keyword.internal.WebUIKeywordMain.runKeyword(WebUIKeywordMain.groovy:20)
	... 22 more]]></system-err>
      </testcase>
      <testcase name="Test Cases/1. login/TC-Login-Failed-003" time="8.551" classname="Test Cases/1. login/TC-Login-Failed-003" status="PASSED">
         <system-out><![CDATA[2023-08-30 20:28:30 - [TEST_CASE][PASSED] - Test Cases/1. login/TC-Login-Failed-003: Test Cases/1. login/TC-Login-Failed-003

2023-08-30 20:28:30 - [TEST_STEP][PASSED] - openBrowser(web): Browser is opened with url: 'https://www.saucedemo.com/inventory.html'

2023-08-30 20:28:30 - [MESSAGE][WARNING] - A browser is already opened. Closing browser and opening a new one

2023-08-30 20:28:31 - [MESSAGE][INFO] - Starting 'Edge Chromium' driver

2023-08-30 20:28:33 - [MESSAGE][INFO] - Action delay is set to 0 milliseconds

2023-08-30 20:28:36 - [MESSAGE][PASSED] - Browser is opened with url: 'https://www.saucedemo.com/inventory.html'

2023-08-30 20:28:36 - [TEST_STEP][PASSED] - maximizeWindow(): Current window maximized

2023-08-30 20:28:36 - [MESSAGE][PASSED] - Current window maximized

2023-08-30 20:28:36 - [TEST_STEP][PASSED] - verifyElementPresent(findTestObject("1. Login/halaman home swag labs"), 0): Object 'Object Repository/1. Login/halaman home swag labs' is present

2023-08-30 20:28:36 - [MESSAGE][WARNING] - Timeout '0' is invalid. Using default page load timeout: '30'

2023-08-30 20:28:37 - [MESSAGE][PASSED] - Object 'Object Repository/1. Login/halaman home swag labs' is present

2023-08-30 20:28:37 - [TEST_STEP][PASSED] - setEncryptedText(findTestObject("1. Login/input password"), password): Text ****** has been set on object 'Object Repository/1. Login/input password'

2023-08-30 20:28:37 - [MESSAGE][PASSED] - Text ****** has been set on object 'Object Repository/1. Login/input password'

2023-08-30 20:28:37 - [TEST_STEP][PASSED] - click(findTestObject("1. Login/button Login")): Object: 'Object Repository/1. Login/button Login' is clicked on

2023-08-30 20:28:38 - [MESSAGE][PASSED] - Object: 'Object Repository/1. Login/button Login' is clicked on

2023-08-30 20:28:38 - [TEST_STEP][PASSED] - verifyElementText(findTestObject("1. Login/error meminta username"), "Epic sadface: Username is required"): Actual text and expected text of test object 'Object Repository/1. Login/error meminta username' are matched.

2023-08-30 20:28:38 - [MESSAGE][PASSED] - Actual text and expected text of test object 'Object Repository/1. Login/error meminta username' are matched.]]></system-out>
         <system-err><![CDATA[]]></system-err>
      </testcase>
      <testcase name="Test Cases/1. login/TC-Login-Failed-004" time="6.579" classname="Test Cases/1. login/TC-Login-Failed-004" status="PASSED">
         <system-out><![CDATA[2023-08-30 20:28:38 - [TEST_CASE][PASSED] - Test Cases/1. login/TC-Login-Failed-004: Test Cases/1. login/TC-Login-Failed-004

2023-08-30 20:28:39 - [TEST_STEP][PASSED] - openBrowser(web): Browser is opened with url: 'https://www.saucedemo.com/inventory.html'

2023-08-30 20:28:39 - [MESSAGE][WARNING] - A browser is already opened. Closing browser and opening a new one

2023-08-30 20:28:39 - [MESSAGE][INFO] - Starting 'Edge Chromium' driver

2023-08-30 20:28:42 - [MESSAGE][INFO] - Action delay is set to 0 milliseconds

2023-08-30 20:28:43 - [MESSAGE][PASSED] - Browser is opened with url: 'https://www.saucedemo.com/inventory.html'

2023-08-30 20:28:43 - [TEST_STEP][PASSED] - maximizeWindow(): Current window maximized

2023-08-30 20:28:44 - [MESSAGE][PASSED] - Current window maximized

2023-08-30 20:28:44 - [TEST_STEP][PASSED] - verifyElementPresent(findTestObject("1. Login/halaman home swag labs"), 0): Object 'Object Repository/1. Login/halaman home swag labs' is present

2023-08-30 20:28:44 - [MESSAGE][WARNING] - Timeout '0' is invalid. Using default page load timeout: '30'

2023-08-30 20:28:44 - [MESSAGE][PASSED] - Object 'Object Repository/1. Login/halaman home swag labs' is present

2023-08-30 20:28:44 - [TEST_STEP][PASSED] - click(findTestObject("1. Login/button Login")): Object: 'Object Repository/1. Login/button Login' is clicked on

2023-08-30 20:28:44 - [MESSAGE][PASSED] - Object: 'Object Repository/1. Login/button Login' is clicked on

2023-08-30 20:28:44 - [TEST_STEP][PASSED] - verifyElementPresent(findTestObject("1. Login/error salah usn dan password"), 0): Object 'Object Repository/1. Login/error salah usn dan password' is present

2023-08-30 20:28:44 - [MESSAGE][WARNING] - Timeout '0' is invalid. Using default page load timeout: '30'

2023-08-30 20:28:45 - [MESSAGE][PASSED] - Object 'Object Repository/1. Login/error salah usn dan password' is present]]></system-out>
         <system-err><![CDATA[]]></system-err>
      </testcase>
      <testcase name="Test Cases/2. Products/TC-Product-Show-001" time="9.409" classname="Test Cases/2. Products/TC-Product-Show-001" status="PASSED">
         <system-out><![CDATA[2023-08-30 20:28:45 - [TEST_CASE][PASSED] - Test Cases/2. Products/TC-Product-Show-001: Test Cases/2. Products/TC-Product-Show-001

2023-08-30 20:28:45 - [TEST_STEP][PASSED] - callTestCase(findTestCase("1. login/TC-Login-Success-001"), [:], STOP_ON_FAILURE): Call Test Case 'Test Cases/1. login/TC-Login-Success-001' successfully

2023-08-30 20:28:46 - [TEST_CASE][PASSED] - Test Cases/1. login/TC-Login-Success-001: Test Cases/1. login/TC-Login-Success-001

2023-08-30 20:28:46 - [TEST_STEP][PASSED] - openBrowser(web): Browser is opened with url: 'https://www.saucedemo.com/inventory.html'

2023-08-30 20:28:46 - [MESSAGE][WARNING] - A browser is already opened. Closing browser and opening a new one

2023-08-30 20:28:46 - [MESSAGE][INFO] - Starting 'Edge Chromium' driver

2023-08-30 20:28:49 - [MESSAGE][INFO] - Action delay is set to 0 milliseconds

2023-08-30 20:28:51 - [MESSAGE][PASSED] - Browser is opened with url: 'https://www.saucedemo.com/inventory.html'

2023-08-30 20:28:51 - [TEST_STEP][PASSED] - maximizeWindow(): Current window maximized

2023-08-30 20:28:51 - [MESSAGE][PASSED] - Current window maximized

2023-08-30 20:28:51 - [TEST_STEP][PASSED] - verifyElementPresent(findTestObject("1. Login/halaman home swag labs"), 0): Object 'Object Repository/1. Login/halaman home swag labs' is present

2023-08-30 20:28:51 - [MESSAGE][WARNING] - Timeout '0' is invalid. Using default page load timeout: '30'

2023-08-30 20:28:51 - [MESSAGE][PASSED] - Object 'Object Repository/1. Login/halaman home swag labs' is present

2023-08-30 20:28:51 - [TEST_STEP][PASSED] - setText(findTestObject("1. Login/input username"), username): Text 'standard_user' is set on object 'Object Repository/1. Login/input username'

2023-08-30 20:28:52 - [MESSAGE][PASSED] - Text 'standard_user' is set on object 'Object Repository/1. Login/input username'

2023-08-30 20:28:52 - [TEST_STEP][PASSED] - setEncryptedText(findTestObject("1. Login/input password"), password): Text ****** has been set on object 'Object Repository/1. Login/input password'

2023-08-30 20:28:53 - [MESSAGE][PASSED] - Text ****** has been set on object 'Object Repository/1. Login/input password'

2023-08-30 20:28:53 - [TEST_STEP][PASSED] - click(findTestObject("1. Login/button Login")): Object: 'Object Repository/1. Login/button Login' is clicked on

2023-08-30 20:28:54 - [MESSAGE][PASSED] - Object: 'Object Repository/1. Login/button Login' is clicked on

2023-08-30 20:28:54 - [TEST_STEP][PASSED] - verifyElementText(findTestObject("1. Login/home product atau halaman Swag Labs"), "Swag Labs"): Actual text and expected text of test object 'Object Repository/1. Login/home product atau halaman Swag Labs' are matched.

2023-08-30 20:28:54 - [MESSAGE][PASSED] - Actual text and expected text of test object 'Object Repository/1. Login/home product atau halaman Swag Labs' are matched.

2023-08-30 20:28:54 - [MESSAGE][PASSED] - Call Test Case 'Test Cases/1. login/TC-Login-Success-001' successfully]]></system-out>
         <system-err><![CDATA[]]></system-err>
      </testcase>
      <testcase name="Test Cases/2. Products/TC-Product-Sort-001" time="11.618" classname="Test Cases/2. Products/TC-Product-Sort-001" status="PASSED">
         <system-out><![CDATA[2023-08-30 20:28:54 - [TEST_CASE][PASSED] - Test Cases/2. Products/TC-Product-Sort-001: Test Cases/2. Products/TC-Product-Sort-001

2023-08-30 20:28:55 - [TEST_STEP][PASSED] - callTestCase(findTestCase("2. Products/TC-Product-Show-001"), [:], STOP_ON_FAILURE): Call Test Case 'Test Cases/2. Products/TC-Product-Show-001' successfully

2023-08-30 20:28:55 - [TEST_CASE][PASSED] - Test Cases/2. Products/TC-Product-Show-001: Test Cases/2. Products/TC-Product-Show-001

2023-08-30 20:28:55 - [TEST_STEP][PASSED] - callTestCase(findTestCase("1. login/TC-Login-Success-001"), [:], STOP_ON_FAILURE): Call Test Case 'Test Cases/1. login/TC-Login-Success-001' successfully

2023-08-30 20:28:55 - [TEST_CASE][PASSED] - Test Cases/1. login/TC-Login-Success-001: Test Cases/1. login/TC-Login-Success-001

2023-08-30 20:28:55 - [TEST_STEP][PASSED] - openBrowser(web): Browser is opened with url: 'https://www.saucedemo.com/inventory.html'

2023-08-30 20:28:55 - [MESSAGE][WARNING] - A browser is already opened. Closing browser and opening a new one

2023-08-30 20:28:56 - [MESSAGE][INFO] - Starting 'Edge Chromium' driver

2023-08-30 20:28:58 - [MESSAGE][INFO] - Action delay is set to 0 milliseconds

2023-08-30 20:29:00 - [MESSAGE][PASSED] - Browser is opened with url: 'https://www.saucedemo.com/inventory.html'

2023-08-30 20:29:00 - [TEST_STEP][PASSED] - maximizeWindow(): Current window maximized

2023-08-30 20:29:01 - [MESSAGE][PASSED] - Current window maximized

2023-08-30 20:29:01 - [TEST_STEP][PASSED] - verifyElementPresent(findTestObject("1. Login/halaman home swag labs"), 0): Object 'Object Repository/1. Login/halaman home swag labs' is present

2023-08-30 20:29:01 - [MESSAGE][WARNING] - Timeout '0' is invalid. Using default page load timeout: '30'

2023-08-30 20:29:01 - [MESSAGE][PASSED] - Object 'Object Repository/1. Login/halaman home swag labs' is present

2023-08-30 20:29:01 - [TEST_STEP][PASSED] - setText(findTestObject("1. Login/input username"), username): Text 'standard_user' is set on object 'Object Repository/1. Login/input username'

2023-08-30 20:29:02 - [MESSAGE][PASSED] - Text 'standard_user' is set on object 'Object Repository/1. Login/input username'

2023-08-30 20:29:02 - [TEST_STEP][PASSED] - setEncryptedText(findTestObject("1. Login/input password"), password): Text ****** has been set on object 'Object Repository/1. Login/input password'

2023-08-30 20:29:02 - [MESSAGE][PASSED] - Text ****** has been set on object 'Object Repository/1. Login/input password'

2023-08-30 20:29:02 - [TEST_STEP][PASSED] - click(findTestObject("1. Login/button Login")): Object: 'Object Repository/1. Login/button Login' is clicked on

2023-08-30 20:29:03 - [MESSAGE][PASSED] - Object: 'Object Repository/1. Login/button Login' is clicked on

2023-08-30 20:29:03 - [TEST_STEP][PASSED] - verifyElementText(findTestObject("1. Login/home product atau halaman Swag Labs"), "Swag Labs"): Actual text and expected text of test object 'Object Repository/1. Login/home product atau halaman Swag Labs' are matched.

2023-08-30 20:29:04 - [MESSAGE][PASSED] - Actual text and expected text of test object 'Object Repository/1. Login/home product atau halaman Swag Labs' are matched.

2023-08-30 20:29:04 - [MESSAGE][PASSED] - Call Test Case 'Test Cases/1. login/TC-Login-Success-001' successfully

2023-08-30 20:29:04 - [MESSAGE][PASSED] - Call Test Case 'Test Cases/2. Products/TC-Product-Show-001' successfully

2023-08-30 20:29:04 - [TEST_STEP][PASSED] - selectOptionByValue(findTestObject("Products/dropdown fillter"), "az", false): All options with value 'az' are selected in object 'Object Repository/Products/dropdown fillter' 

2023-08-30 20:29:05 - [MESSAGE][PASSED] - All options with value 'az' are selected in object 'Object Repository/Products/dropdown fillter' 

2023-08-30 20:29:05 - [TEST_STEP][PASSED] - dataList = findWebElements(findTestObject("Object Repository/Products/nama semua produk"), 10): null

2023-08-30 20:29:06 - [TEST_STEP][PASSED] - arrProdukNameOri = []: null

2023-08-30 20:29:06 - [TEST_STEP][PASSED] - arrProdukNameSort = []: null

2023-08-30 20:29:06 - [TEST_STEP][PASSED] - for ([i = 0, i < dataList.size(), (i++)]): null

2023-08-30 20:29:06 - [TEST_STEP][PASSED] - text = text: null

2023-08-30 20:29:06 - [TEST_STEP][PASSED] - arrProdukNameOri[i] = text: null

2023-08-30 20:29:06 - [TEST_STEP][PASSED] - arrProdukNameSort[i] = text: null

2023-08-30 20:29:06 - [TEST_STEP][PASSED] - text = text: null

2023-08-30 20:29:06 - [TEST_STEP][PASSED] - arrProdukNameOri[i] = text: null

2023-08-30 20:29:06 - [TEST_STEP][PASSED] - arrProdukNameSort[i] = text: null

2023-08-30 20:29:06 - [TEST_STEP][PASSED] - text = text: null

2023-08-30 20:29:06 - [TEST_STEP][PASSED] - arrProdukNameOri[i] = text: null

2023-08-30 20:29:06 - [TEST_STEP][PASSED] - arrProdukNameSort[i] = text: null

2023-08-30 20:29:06 - [TEST_STEP][PASSED] - text = text: null

2023-08-30 20:29:06 - [TEST_STEP][PASSED] - arrProdukNameOri[i] = text: null

2023-08-30 20:29:06 - [TEST_STEP][PASSED] - arrProdukNameSort[i] = text: null

2023-08-30 20:29:06 - [TEST_STEP][PASSED] - text = text: null

2023-08-30 20:29:06 - [TEST_STEP][PASSED] - arrProdukNameOri[i] = text: null

2023-08-30 20:29:06 - [TEST_STEP][PASSED] - arrProdukNameSort[i] = text: null

2023-08-30 20:29:06 - [TEST_STEP][PASSED] - text = text: null

2023-08-30 20:29:06 - [TEST_STEP][PASSED] - arrProdukNameOri[i] = text: null

2023-08-30 20:29:06 - [TEST_STEP][PASSED] - arrProdukNameSort[i] = text: null

2023-08-30 20:29:06 - [TEST_STEP][PASSED] - Arrays.sort(arrProdukNameSort): null

2023-08-30 20:29:06 - [TEST_STEP][PASSED] - println(arrProdukNameOri): null

2023-08-30 20:29:06 - [TEST_STEP][PASSED] - println(arrProdukNameSort): null

2023-08-30 20:29:06 - [TEST_STEP][PASSED] - assert arrProdukNameOri == arrProdukNameSort: null]]></system-out>
         <system-err><![CDATA[]]></system-err>
      </testcase>
      <testcase name="Test Cases/2. Products/TC-Product-Sort-002" time="10.503" classname="Test Cases/2. Products/TC-Product-Sort-002" status="PASSED">
         <system-out><![CDATA[2023-08-30 20:29:06 - [TEST_CASE][PASSED] - Test Cases/2. Products/TC-Product-Sort-002: Test Cases/2. Products/TC-Product-Sort-002

2023-08-30 20:29:07 - [TEST_STEP][PASSED] - callTestCase(findTestCase("2. Products/TC-Product-Show-001"), [:], STOP_ON_FAILURE): Call Test Case 'Test Cases/2. Products/TC-Product-Show-001' successfully

2023-08-30 20:29:07 - [TEST_CASE][PASSED] - Test Cases/2. Products/TC-Product-Show-001: Test Cases/2. Products/TC-Product-Show-001

2023-08-30 20:29:07 - [TEST_STEP][PASSED] - callTestCase(findTestCase("1. login/TC-Login-Success-001"), [:], STOP_ON_FAILURE): Call Test Case 'Test Cases/1. login/TC-Login-Success-001' successfully

2023-08-30 20:29:07 - [TEST_CASE][PASSED] - Test Cases/1. login/TC-Login-Success-001: Test Cases/1. login/TC-Login-Success-001

2023-08-30 20:29:07 - [TEST_STEP][PASSED] - openBrowser(web): Browser is opened with url: 'https://www.saucedemo.com/inventory.html'

2023-08-30 20:29:07 - [MESSAGE][WARNING] - A browser is already opened. Closing browser and opening a new one

2023-08-30 20:29:08 - [MESSAGE][INFO] - Starting 'Edge Chromium' driver

2023-08-30 20:29:09 - [MESSAGE][INFO] - Action delay is set to 0 milliseconds

2023-08-30 20:29:11 - [MESSAGE][PASSED] - Browser is opened with url: 'https://www.saucedemo.com/inventory.html'

2023-08-30 20:29:11 - [TEST_STEP][PASSED] - maximizeWindow(): Current window maximized

2023-08-30 20:29:11 - [MESSAGE][PASSED] - Current window maximized

2023-08-30 20:29:11 - [TEST_STEP][PASSED] - verifyElementPresent(findTestObject("1. Login/halaman home swag labs"), 0): Object 'Object Repository/1. Login/halaman home swag labs' is present

2023-08-30 20:29:12 - [MESSAGE][WARNING] - Timeout '0' is invalid. Using default page load timeout: '30'

2023-08-30 20:29:12 - [MESSAGE][PASSED] - Object 'Object Repository/1. Login/halaman home swag labs' is present

2023-08-30 20:29:12 - [TEST_STEP][PASSED] - setText(findTestObject("1. Login/input username"), username): Text 'standard_user' is set on object 'Object Repository/1. Login/input username'

2023-08-30 20:29:13 - [MESSAGE][PASSED] - Text 'standard_user' is set on object 'Object Repository/1. Login/input username'

2023-08-30 20:29:13 - [TEST_STEP][PASSED] - setEncryptedText(findTestObject("1. Login/input password"), password): Text ****** has been set on object 'Object Repository/1. Login/input password'

2023-08-30 20:29:13 - [MESSAGE][PASSED] - Text ****** has been set on object 'Object Repository/1. Login/input password'

2023-08-30 20:29:13 - [TEST_STEP][PASSED] - click(findTestObject("1. Login/button Login")): Object: 'Object Repository/1. Login/button Login' is clicked on

2023-08-30 20:29:14 - [MESSAGE][PASSED] - Object: 'Object Repository/1. Login/button Login' is clicked on

2023-08-30 20:29:14 - [TEST_STEP][PASSED] - verifyElementText(findTestObject("1. Login/home product atau halaman Swag Labs"), "Swag Labs"): Actual text and expected text of test object 'Object Repository/1. Login/home product atau halaman Swag Labs' are matched.

2023-08-30 20:29:15 - [MESSAGE][PASSED] - Actual text and expected text of test object 'Object Repository/1. Login/home product atau halaman Swag Labs' are matched.

2023-08-30 20:29:15 - [MESSAGE][PASSED] - Call Test Case 'Test Cases/1. login/TC-Login-Success-001' successfully

2023-08-30 20:29:15 - [MESSAGE][PASSED] - Call Test Case 'Test Cases/2. Products/TC-Product-Show-001' successfully

2023-08-30 20:29:15 - [TEST_STEP][PASSED] - selectOptionByValue(findTestObject("Products/dropdown fillter"), "za", false): All options with value 'za' are selected in object 'Object Repository/Products/dropdown fillter' 

2023-08-30 20:29:16 - [MESSAGE][PASSED] - All options with value 'za' are selected in object 'Object Repository/Products/dropdown fillter' 

2023-08-30 20:29:16 - [TEST_STEP][PASSED] - dataList = findWebElements(findTestObject("Object Repository/Products/nama semua produk"), 10): null

2023-08-30 20:29:16 - [TEST_STEP][PASSED] - arrProdukNameOri = []: null

2023-08-30 20:29:16 - [TEST_STEP][PASSED] - arrProdukNameSort = []: null

2023-08-30 20:29:16 - [TEST_STEP][PASSED] - for ([i = 0, i < dataList.size(), (i++)]): null

2023-08-30 20:29:16 - [TEST_STEP][PASSED] - text = text: null

2023-08-30 20:29:16 - [TEST_STEP][PASSED] - arrProdukNameOri[i] = text: null

2023-08-30 20:29:16 - [TEST_STEP][PASSED] - arrProdukNameSort[i] = text: null

2023-08-30 20:29:16 - [TEST_STEP][PASSED] - text = text: null

2023-08-30 20:29:16 - [TEST_STEP][PASSED] - arrProdukNameOri[i] = text: null

2023-08-30 20:29:16 - [TEST_STEP][PASSED] - arrProdukNameSort[i] = text: null

2023-08-30 20:29:16 - [TEST_STEP][PASSED] - text = text: null

2023-08-30 20:29:16 - [TEST_STEP][PASSED] - arrProdukNameOri[i] = text: null

2023-08-30 20:29:16 - [TEST_STEP][PASSED] - arrProdukNameSort[i] = text: null

2023-08-30 20:29:16 - [TEST_STEP][PASSED] - text = text: null

2023-08-30 20:29:16 - [TEST_STEP][PASSED] - arrProdukNameOri[i] = text: null

2023-08-30 20:29:16 - [TEST_STEP][PASSED] - arrProdukNameSort[i] = text: null

2023-08-30 20:29:16 - [TEST_STEP][PASSED] - text = text: null

2023-08-30 20:29:16 - [TEST_STEP][PASSED] - arrProdukNameOri[i] = text: null

2023-08-30 20:29:16 - [TEST_STEP][PASSED] - arrProdukNameSort[i] = text: null

2023-08-30 20:29:16 - [TEST_STEP][PASSED] - text = text: null

2023-08-30 20:29:16 - [TEST_STEP][PASSED] - arrProdukNameOri[i] = text: null

2023-08-30 20:29:16 - [TEST_STEP][PASSED] - arrProdukNameSort[i] = text: null

2023-08-30 20:29:16 - [TEST_STEP][PASSED] - Arrays.sort(arrProdukNameSort, Collections.reverseOrder()): null

2023-08-30 20:29:16 - [TEST_STEP][PASSED] - println(arrProdukNameOri): null

2023-08-30 20:29:16 - [TEST_STEP][PASSED] - println(arrProdukNameSort): null

2023-08-30 20:29:16 - [TEST_STEP][PASSED] - assert arrProdukNameOri == arrProdukNameSort: null]]></system-out>
         <system-err><![CDATA[]]></system-err>
      </testcase>
      <testcase name="Test Cases/2. Products/TC-Product-Sort-003" time="11.803" classname="Test Cases/2. Products/TC-Product-Sort-003" status="PASSED">
         <system-out><![CDATA[2023-08-30 20:29:16 - [TEST_CASE][PASSED] - Test Cases/2. Products/TC-Product-Sort-003: Test Cases/2. Products/TC-Product-Sort-003

2023-08-30 20:29:17 - [TEST_STEP][PASSED] - callTestCase(findTestCase("2. Products/TC-Product-Show-001"), [:], STOP_ON_FAILURE): Call Test Case 'Test Cases/2. Products/TC-Product-Show-001' successfully

2023-08-30 20:29:17 - [TEST_CASE][PASSED] - Test Cases/2. Products/TC-Product-Show-001: Test Cases/2. Products/TC-Product-Show-001

2023-08-30 20:29:17 - [TEST_STEP][PASSED] - callTestCase(findTestCase("1. login/TC-Login-Success-001"), [:], STOP_ON_FAILURE): Call Test Case 'Test Cases/1. login/TC-Login-Success-001' successfully

2023-08-30 20:29:17 - [TEST_CASE][PASSED] - Test Cases/1. login/TC-Login-Success-001: Test Cases/1. login/TC-Login-Success-001

2023-08-30 20:29:17 - [TEST_STEP][PASSED] - openBrowser(web): Browser is opened with url: 'https://www.saucedemo.com/inventory.html'

2023-08-30 20:29:17 - [MESSAGE][WARNING] - A browser is already opened. Closing browser and opening a new one

2023-08-30 20:29:18 - [MESSAGE][INFO] - Starting 'Edge Chromium' driver

2023-08-30 20:29:20 - [MESSAGE][INFO] - Action delay is set to 0 milliseconds

2023-08-30 20:29:23 - [MESSAGE][PASSED] - Browser is opened with url: 'https://www.saucedemo.com/inventory.html'

2023-08-30 20:29:23 - [TEST_STEP][PASSED] - maximizeWindow(): Current window maximized

2023-08-30 20:29:23 - [MESSAGE][PASSED] - Current window maximized

2023-08-30 20:29:23 - [TEST_STEP][PASSED] - verifyElementPresent(findTestObject("1. Login/halaman home swag labs"), 0): Object 'Object Repository/1. Login/halaman home swag labs' is present

2023-08-30 20:29:23 - [MESSAGE][WARNING] - Timeout '0' is invalid. Using default page load timeout: '30'

2023-08-30 20:29:24 - [MESSAGE][PASSED] - Object 'Object Repository/1. Login/halaman home swag labs' is present

2023-08-30 20:29:24 - [TEST_STEP][PASSED] - setText(findTestObject("1. Login/input username"), username): Text 'standard_user' is set on object 'Object Repository/1. Login/input username'

2023-08-30 20:29:25 - [MESSAGE][PASSED] - Text 'standard_user' is set on object 'Object Repository/1. Login/input username'

2023-08-30 20:29:25 - [TEST_STEP][PASSED] - setEncryptedText(findTestObject("1. Login/input password"), password): Text ****** has been set on object 'Object Repository/1. Login/input password'

2023-08-30 20:29:25 - [MESSAGE][PASSED] - Text ****** has been set on object 'Object Repository/1. Login/input password'

2023-08-30 20:29:25 - [TEST_STEP][PASSED] - click(findTestObject("1. Login/button Login")): Object: 'Object Repository/1. Login/button Login' is clicked on

2023-08-30 20:29:26 - [MESSAGE][PASSED] - Object: 'Object Repository/1. Login/button Login' is clicked on

2023-08-30 20:29:26 - [TEST_STEP][PASSED] - verifyElementText(findTestObject("1. Login/home product atau halaman Swag Labs"), "Swag Labs"): Actual text and expected text of test object 'Object Repository/1. Login/home product atau halaman Swag Labs' are matched.

2023-08-30 20:29:27 - [MESSAGE][PASSED] - Actual text and expected text of test object 'Object Repository/1. Login/home product atau halaman Swag Labs' are matched.

2023-08-30 20:29:27 - [MESSAGE][PASSED] - Call Test Case 'Test Cases/1. login/TC-Login-Success-001' successfully

2023-08-30 20:29:27 - [MESSAGE][PASSED] - Call Test Case 'Test Cases/2. Products/TC-Product-Show-001' successfully

2023-08-30 20:29:27 - [TEST_STEP][PASSED] - selectOptionByValue(findTestObject("Products/dropdown fillter"), "lohi", false): All options with value 'lohi' are selected in object 'Object Repository/Products/dropdown fillter' 

2023-08-30 20:29:28 - [MESSAGE][PASSED] - All options with value 'lohi' are selected in object 'Object Repository/Products/dropdown fillter' 

2023-08-30 20:29:28 - [TEST_STEP][PASSED] - dataList = findWebElements(findTestObject("Object Repository/Products/harga semua produk"), 10): null

2023-08-30 20:29:28 - [TEST_STEP][PASSED] - arrHargaOri = []: null

2023-08-30 20:29:28 - [TEST_STEP][PASSED] - arrHargaSort = []: null

2023-08-30 20:29:28 - [TEST_STEP][PASSED] - for ([i = 0, i < dataList.size(), (i++)]): null

2023-08-30 20:29:28 - [TEST_STEP][PASSED] - text = text.replace("$", ""): null

2023-08-30 20:29:28 - [TEST_STEP][PASSED] - arrNilai = Double.parseDouble(text): null

2023-08-30 20:29:28 - [TEST_STEP][PASSED] - arrHargaOri[i] = arrNilai: null

2023-08-30 20:29:28 - [TEST_STEP][PASSED] - arrHargaSort[i] = arrNilai: null

2023-08-30 20:29:28 - [TEST_STEP][PASSED] - text = text.replace("$", ""): null

2023-08-30 20:29:28 - [TEST_STEP][PASSED] - arrNilai = Double.parseDouble(text): null

2023-08-30 20:29:28 - [TEST_STEP][PASSED] - arrHargaOri[i] = arrNilai: null

2023-08-30 20:29:28 - [TEST_STEP][PASSED] - arrHargaSort[i] = arrNilai: null

2023-08-30 20:29:28 - [TEST_STEP][PASSED] - text = text.replace("$", ""): null

2023-08-30 20:29:28 - [TEST_STEP][PASSED] - arrNilai = Double.parseDouble(text): null

2023-08-30 20:29:28 - [TEST_STEP][PASSED] - arrHargaOri[i] = arrNilai: null

2023-08-30 20:29:28 - [TEST_STEP][PASSED] - arrHargaSort[i] = arrNilai: null

2023-08-30 20:29:28 - [TEST_STEP][PASSED] - text = text.replace("$", ""): null

2023-08-30 20:29:28 - [TEST_STEP][PASSED] - arrNilai = Double.parseDouble(text): null

2023-08-30 20:29:28 - [TEST_STEP][PASSED] - arrHargaOri[i] = arrNilai: null

2023-08-30 20:29:28 - [TEST_STEP][PASSED] - arrHargaSort[i] = arrNilai: null

2023-08-30 20:29:28 - [TEST_STEP][PASSED] - text = text.replace("$", ""): null

2023-08-30 20:29:28 - [TEST_STEP][PASSED] - arrNilai = Double.parseDouble(text): null

2023-08-30 20:29:28 - [TEST_STEP][PASSED] - arrHargaOri[i] = arrNilai: null

2023-08-30 20:29:28 - [TEST_STEP][PASSED] - arrHargaSort[i] = arrNilai: null

2023-08-30 20:29:28 - [TEST_STEP][PASSED] - text = text.replace("$", ""): null

2023-08-30 20:29:28 - [TEST_STEP][PASSED] - arrNilai = Double.parseDouble(text): null

2023-08-30 20:29:28 - [TEST_STEP][PASSED] - arrHargaOri[i] = arrNilai: null

2023-08-30 20:29:28 - [TEST_STEP][PASSED] - arrHargaSort[i] = arrNilai: null

2023-08-30 20:29:28 - [TEST_STEP][PASSED] - Arrays.sort(arrHargaSort): null

2023-08-30 20:29:28 - [TEST_STEP][PASSED] - println(arrHargaOri): null

2023-08-30 20:29:28 - [TEST_STEP][PASSED] - println(arrHargaSort): null

2023-08-30 20:29:28 - [TEST_STEP][PASSED] - assert arrHargaOri == arrHargaSort: null]]></system-out>
         <system-err><![CDATA[]]></system-err>
      </testcase>
      <testcase name="Test Cases/2. Products/TC-Product-Sort-004" time="12.248" classname="Test Cases/2. Products/TC-Product-Sort-004" status="PASSED">
         <system-out><![CDATA[2023-08-30 20:29:28 - [TEST_CASE][PASSED] - Test Cases/2. Products/TC-Product-Sort-004: Test Cases/2. Products/TC-Product-Sort-004

2023-08-30 20:29:29 - [TEST_STEP][PASSED] - callTestCase(findTestCase("2. Products/TC-Product-Show-001"), [:], STOP_ON_FAILURE): Call Test Case 'Test Cases/2. Products/TC-Product-Show-001' successfully

2023-08-30 20:29:29 - [TEST_CASE][PASSED] - Test Cases/2. Products/TC-Product-Show-001: Test Cases/2. Products/TC-Product-Show-001

2023-08-30 20:29:29 - [TEST_STEP][PASSED] - callTestCase(findTestCase("1. login/TC-Login-Success-001"), [:], STOP_ON_FAILURE): Call Test Case 'Test Cases/1. login/TC-Login-Success-001' successfully

2023-08-30 20:29:29 - [TEST_CASE][PASSED] - Test Cases/1. login/TC-Login-Success-001: Test Cases/1. login/TC-Login-Success-001

2023-08-30 20:29:29 - [TEST_STEP][PASSED] - openBrowser(web): Browser is opened with url: 'https://www.saucedemo.com/inventory.html'

2023-08-30 20:29:29 - [MESSAGE][WARNING] - A browser is already opened. Closing browser and opening a new one

2023-08-30 20:29:30 - [MESSAGE][INFO] - Starting 'Edge Chromium' driver

2023-08-30 20:29:32 - [MESSAGE][INFO] - Action delay is set to 0 milliseconds

2023-08-30 20:29:34 - [MESSAGE][PASSED] - Browser is opened with url: 'https://www.saucedemo.com/inventory.html'

2023-08-30 20:29:34 - [TEST_STEP][PASSED] - maximizeWindow(): Current window maximized

2023-08-30 20:29:34 - [MESSAGE][PASSED] - Current window maximized

2023-08-30 20:29:34 - [TEST_STEP][PASSED] - verifyElementPresent(findTestObject("1. Login/halaman home swag labs"), 0): Object 'Object Repository/1. Login/halaman home swag labs' is present

2023-08-30 20:29:35 - [MESSAGE][WARNING] - Timeout '0' is invalid. Using default page load timeout: '30'

2023-08-30 20:29:35 - [MESSAGE][PASSED] - Object 'Object Repository/1. Login/halaman home swag labs' is present

2023-08-30 20:29:35 - [TEST_STEP][PASSED] - setText(findTestObject("1. Login/input username"), username): Text 'standard_user' is set on object 'Object Repository/1. Login/input username'

2023-08-30 20:29:36 - [MESSAGE][PASSED] - Text 'standard_user' is set on object 'Object Repository/1. Login/input username'

2023-08-30 20:29:36 - [TEST_STEP][PASSED] - setEncryptedText(findTestObject("1. Login/input password"), password): Text ****** has been set on object 'Object Repository/1. Login/input password'

2023-08-30 20:29:37 - [MESSAGE][PASSED] - Text ****** has been set on object 'Object Repository/1. Login/input password'

2023-08-30 20:29:37 - [TEST_STEP][PASSED] - click(findTestObject("1. Login/button Login")): Object: 'Object Repository/1. Login/button Login' is clicked on

2023-08-30 20:29:37 - [MESSAGE][PASSED] - Object: 'Object Repository/1. Login/button Login' is clicked on

2023-08-30 20:29:37 - [TEST_STEP][PASSED] - verifyElementText(findTestObject("1. Login/home product atau halaman Swag Labs"), "Swag Labs"): Actual text and expected text of test object 'Object Repository/1. Login/home product atau halaman Swag Labs' are matched.

2023-08-30 20:29:39 - [MESSAGE][PASSED] - Actual text and expected text of test object 'Object Repository/1. Login/home product atau halaman Swag Labs' are matched.

2023-08-30 20:29:39 - [MESSAGE][PASSED] - Call Test Case 'Test Cases/1. login/TC-Login-Success-001' successfully

2023-08-30 20:29:39 - [MESSAGE][PASSED] - Call Test Case 'Test Cases/2. Products/TC-Product-Show-001' successfully

2023-08-30 20:29:39 - [TEST_STEP][PASSED] - selectOptionByValue(findTestObject("Products/dropdown fillter"), "hilo", false): All options with value 'hilo' are selected in object 'Object Repository/Products/dropdown fillter' 

2023-08-30 20:29:40 - [MESSAGE][PASSED] - All options with value 'hilo' are selected in object 'Object Repository/Products/dropdown fillter' 

2023-08-30 20:29:40 - [TEST_STEP][PASSED] - dataList = findWebElements(findTestObject("Object Repository/Products/harga semua produk"), 10): null

2023-08-30 20:29:40 - [TEST_STEP][PASSED] - arrHargaOri = []: null

2023-08-30 20:29:40 - [TEST_STEP][PASSED] - arrHargaSort = []: null

2023-08-30 20:29:40 - [TEST_STEP][PASSED] - for ([i = 0, i < dataList.size(), (i++)]): null

2023-08-30 20:29:40 - [TEST_STEP][PASSED] - text = text.replace("$", ""): null

2023-08-30 20:29:40 - [TEST_STEP][PASSED] - arrNilai = Double.parseDouble(text): null

2023-08-30 20:29:40 - [TEST_STEP][PASSED] - arrHargaOri[i] = arrNilai: null

2023-08-30 20:29:40 - [TEST_STEP][PASSED] - arrHargaSort[i] = arrNilai: null

2023-08-30 20:29:40 - [TEST_STEP][PASSED] - text = text.replace("$", ""): null

2023-08-30 20:29:40 - [TEST_STEP][PASSED] - arrNilai = Double.parseDouble(text): null

2023-08-30 20:29:40 - [TEST_STEP][PASSED] - arrHargaOri[i] = arrNilai: null

2023-08-30 20:29:40 - [TEST_STEP][PASSED] - arrHargaSort[i] = arrNilai: null

2023-08-30 20:29:40 - [TEST_STEP][PASSED] - text = text.replace("$", ""): null

2023-08-30 20:29:40 - [TEST_STEP][PASSED] - arrNilai = Double.parseDouble(text): null

2023-08-30 20:29:40 - [TEST_STEP][PASSED] - arrHargaOri[i] = arrNilai: null

2023-08-30 20:29:40 - [TEST_STEP][PASSED] - arrHargaSort[i] = arrNilai: null

2023-08-30 20:29:40 - [TEST_STEP][PASSED] - text = text.replace("$", ""): null

2023-08-30 20:29:40 - [TEST_STEP][PASSED] - arrNilai = Double.parseDouble(text): null

2023-08-30 20:29:40 - [TEST_STEP][PASSED] - arrHargaOri[i] = arrNilai: null

2023-08-30 20:29:40 - [TEST_STEP][PASSED] - arrHargaSort[i] = arrNilai: null

2023-08-30 20:29:40 - [TEST_STEP][PASSED] - text = text.replace("$", ""): null

2023-08-30 20:29:40 - [TEST_STEP][PASSED] - arrNilai = Double.parseDouble(text): null

2023-08-30 20:29:40 - [TEST_STEP][PASSED] - arrHargaOri[i] = arrNilai: null

2023-08-30 20:29:40 - [TEST_STEP][PASSED] - arrHargaSort[i] = arrNilai: null

2023-08-30 20:29:40 - [TEST_STEP][PASSED] - text = text.replace("$", ""): null

2023-08-30 20:29:40 - [TEST_STEP][PASSED] - arrNilai = Double.parseDouble(text): null

2023-08-30 20:29:40 - [TEST_STEP][PASSED] - arrHargaOri[i] = arrNilai: null

2023-08-30 20:29:40 - [TEST_STEP][PASSED] - arrHargaSort[i] = arrNilai: null

2023-08-30 20:29:40 - [TEST_STEP][PASSED] - Arrays.sort(arrHargaSort, Collections.reverseOrder()): null

2023-08-30 20:29:40 - [TEST_STEP][PASSED] - println(arrHargaOri): null

2023-08-30 20:29:40 - [TEST_STEP][PASSED] - println(arrHargaSort): null

2023-08-30 20:29:40 - [TEST_STEP][PASSED] - assert arrHargaOri == arrHargaSort: null]]></system-out>
         <system-err><![CDATA[]]></system-err>
      </testcase>
      <testcase name="Test Cases/2. Products/TC-Product-AddCart-001" time="13.032" classname="Test Cases/2. Products/TC-Product-AddCart-001" status="PASSED">
         <system-out><![CDATA[2023-08-30 20:29:40 - [TEST_CASE][PASSED] - Test Cases/2. Products/TC-Product-AddCart-001: Test Cases/2. Products/TC-Product-AddCart-001

2023-08-30 20:29:42 - [TEST_STEP][PASSED] - callTestCase(findTestCase("2. Products/TC-Product-Show-001"), [:], STOP_ON_FAILURE): Call Test Case 'Test Cases/2. Products/TC-Product-Show-001' successfully

2023-08-30 20:29:42 - [TEST_CASE][PASSED] - Test Cases/2. Products/TC-Product-Show-001: Test Cases/2. Products/TC-Product-Show-001

2023-08-30 20:29:42 - [TEST_STEP][PASSED] - callTestCase(findTestCase("1. login/TC-Login-Success-001"), [:], STOP_ON_FAILURE): Call Test Case 'Test Cases/1. login/TC-Login-Success-001' successfully

2023-08-30 20:29:42 - [TEST_CASE][PASSED] - Test Cases/1. login/TC-Login-Success-001: Test Cases/1. login/TC-Login-Success-001

2023-08-30 20:29:42 - [TEST_STEP][PASSED] - openBrowser(web): Browser is opened with url: 'https://www.saucedemo.com/inventory.html'

2023-08-30 20:29:42 - [MESSAGE][WARNING] - A browser is already opened. Closing browser and opening a new one

2023-08-30 20:29:43 - [MESSAGE][INFO] - Starting 'Edge Chromium' driver

2023-08-30 20:29:45 - [MESSAGE][INFO] - Action delay is set to 0 milliseconds

2023-08-30 20:29:47 - [MESSAGE][PASSED] - Browser is opened with url: 'https://www.saucedemo.com/inventory.html'

2023-08-30 20:29:47 - [TEST_STEP][PASSED] - maximizeWindow(): Current window maximized

2023-08-30 20:29:47 - [MESSAGE][PASSED] - Current window maximized

2023-08-30 20:29:47 - [TEST_STEP][PASSED] - verifyElementPresent(findTestObject("1. Login/halaman home swag labs"), 0): Object 'Object Repository/1. Login/halaman home swag labs' is present

2023-08-30 20:29:47 - [MESSAGE][WARNING] - Timeout '0' is invalid. Using default page load timeout: '30'

2023-08-30 20:29:47 - [MESSAGE][PASSED] - Object 'Object Repository/1. Login/halaman home swag labs' is present

2023-08-30 20:29:47 - [TEST_STEP][PASSED] - setText(findTestObject("1. Login/input username"), username): Text 'standard_user' is set on object 'Object Repository/1. Login/input username'

2023-08-30 20:29:48 - [MESSAGE][PASSED] - Text 'standard_user' is set on object 'Object Repository/1. Login/input username'

2023-08-30 20:29:48 - [TEST_STEP][PASSED] - setEncryptedText(findTestObject("1. Login/input password"), password): Text ****** has been set on object 'Object Repository/1. Login/input password'

2023-08-30 20:29:49 - [MESSAGE][PASSED] - Text ****** has been set on object 'Object Repository/1. Login/input password'

2023-08-30 20:29:49 - [TEST_STEP][PASSED] - click(findTestObject("1. Login/button Login")): Object: 'Object Repository/1. Login/button Login' is clicked on

2023-08-30 20:29:50 - [MESSAGE][PASSED] - Object: 'Object Repository/1. Login/button Login' is clicked on

2023-08-30 20:29:50 - [TEST_STEP][PASSED] - verifyElementText(findTestObject("1. Login/home product atau halaman Swag Labs"), "Swag Labs"): Actual text and expected text of test object 'Object Repository/1. Login/home product atau halaman Swag Labs' are matched.

2023-08-30 20:29:51 - [MESSAGE][PASSED] - Actual text and expected text of test object 'Object Repository/1. Login/home product atau halaman Swag Labs' are matched.

2023-08-30 20:29:51 - [MESSAGE][PASSED] - Call Test Case 'Test Cases/1. login/TC-Login-Success-001' successfully

2023-08-30 20:29:51 - [MESSAGE][PASSED] - Call Test Case 'Test Cases/2. Products/TC-Product-Show-001' successfully

2023-08-30 20:29:51 - [TEST_STEP][PASSED] - click(findTestObject("Products/button_Add to cart 1")): Object: 'Object Repository/Products/button_Add to cart 1' is clicked on

2023-08-30 20:29:51 - [MESSAGE][PASSED] - Object: 'Object Repository/Products/button_Add to cart 1' is clicked on

2023-08-30 20:29:51 - [TEST_STEP][PASSED] - verifyElementPresent(findTestObject("Products/shopping cart 1"), 0): Object 'Object Repository/Products/shopping cart 1' is present

2023-08-30 20:29:52 - [MESSAGE][WARNING] - Timeout '0' is invalid. Using default page load timeout: '30'

2023-08-30 20:29:52 - [MESSAGE][PASSED] - Object 'Object Repository/Products/shopping cart 1' is present

2023-08-30 20:29:52 - [TEST_STEP][PASSED] - namaProduk = getText(findTestObject("Products/div_Sauce Labs Backpack")): Text of object 'Object Repository/Products/div_Sauce Labs Backpack' is: 'Sauce Labs Backpack'

2023-08-30 20:29:52 - [MESSAGE][PASSED] - Text of object 'Object Repository/Products/div_Sauce Labs Backpack' is: 'Sauce Labs Backpack'

2023-08-30 20:29:52 - [TEST_STEP][PASSED] - deskripsi = getText(findTestObject("Products/deskripsi")): Text of object 'Object Repository/Products/deskripsi' is: 'carry.allTheThings() with the sleek, streamlined Sly Pack that melds uncompromising style with unequaled laptop and tablet protection.'

2023-08-30 20:29:53 - [MESSAGE][PASSED] - Text of object 'Object Repository/Products/deskripsi' is: 'carry.allTheThings() with the sleek, streamlined Sly Pack that melds uncompromising style with unequaled laptop and tablet protection.'

2023-08-30 20:29:53 - [TEST_STEP][PASSED] - price = getText(findTestObject("Products/harga produk 1")): Text of object 'Object Repository/Products/harga produk 1' is: '$29.99'

2023-08-30 20:29:53 - [MESSAGE][PASSED] - Text of object 'Object Repository/Products/harga produk 1' is: '$29.99'

2023-08-30 20:29:53 - [TEST_STEP][PASSED] - assert trim().equalsIgnoreCase(produkName.trim()): null

2023-08-30 20:29:53 - [TEST_STEP][PASSED] - assert trim().equalsIgnoreCase(deskripsi.trim()): null

2023-08-30 20:29:53 - [TEST_STEP][PASSED] - assert trim().equalsIgnoreCase(price.trim()): null

2023-08-30 20:29:53 - [TEST_STEP][PASSED] - dataProduk = new java.util.HashMap(): null

2023-08-30 20:29:53 - [TEST_STEP][PASSED] - dataProduk.put("namaProduk", namaProduk): null

2023-08-30 20:29:53 - [TEST_STEP][PASSED] - dataProduk.put("deskripsi", deskripsi): null

2023-08-30 20:29:53 - [TEST_STEP][PASSED] - dataProduk.put("price", price): null

2023-08-30 20:29:53 - [TEST_STEP][PASSED] - return dataProduk: null]]></system-out>
         <system-err><![CDATA[]]></system-err>
      </testcase>
      <testcase name="Test Cases/2. Products/TC-Product-AddCart-002" time="15.228" classname="Test Cases/2. Products/TC-Product-AddCart-002" status="PASSED">
         <system-out><![CDATA[2023-08-30 20:29:54 - [TEST_CASE][PASSED] - Test Cases/2. Products/TC-Product-AddCart-002: Test Cases/2. Products/TC-Product-AddCart-002

2023-08-30 20:29:55 - [TEST_STEP][PASSED] - dataCart1 = callTestCase(findTestCase("2. Products/TC-Product-AddCart-001"), ["produkName":"Sauce Labs Backpack", "deskripsi":"carry.allTheThings() with the sleek, streamlined Sly Pack that melds uncompromising style with unequaled laptop and tablet protection.", ... ], STOP_ON_FAILURE): Call Test Case 'Test Cases/2. Products/TC-Product-AddCart-001' successfully

2023-08-30 20:29:55 - [TEST_CASE][PASSED] - Test Cases/2. Products/TC-Product-AddCart-001: Test Cases/2. Products/TC-Product-AddCart-001

2023-08-30 20:29:55 - [TEST_STEP][PASSED] - callTestCase(findTestCase("2. Products/TC-Product-Show-001"), [:], STOP_ON_FAILURE): Call Test Case 'Test Cases/2. Products/TC-Product-Show-001' successfully

2023-08-30 20:29:55 - [TEST_CASE][PASSED] - Test Cases/2. Products/TC-Product-Show-001: Test Cases/2. Products/TC-Product-Show-001

2023-08-30 20:29:55 - [TEST_STEP][PASSED] - callTestCase(findTestCase("1. login/TC-Login-Success-001"), [:], STOP_ON_FAILURE): Call Test Case 'Test Cases/1. login/TC-Login-Success-001' successfully

2023-08-30 20:29:55 - [TEST_CASE][PASSED] - Test Cases/1. login/TC-Login-Success-001: Test Cases/1. login/TC-Login-Success-001

2023-08-30 20:29:55 - [TEST_STEP][PASSED] - openBrowser(web): Browser is opened with url: 'https://www.saucedemo.com/inventory.html'

2023-08-30 20:29:55 - [MESSAGE][WARNING] - A browser is already opened. Closing browser and opening a new one

2023-08-30 20:29:56 - [MESSAGE][INFO] - Starting 'Edge Chromium' driver

2023-08-30 20:29:58 - [MESSAGE][INFO] - Action delay is set to 0 milliseconds

2023-08-30 20:30:01 - [MESSAGE][PASSED] - Browser is opened with url: 'https://www.saucedemo.com/inventory.html'

2023-08-30 20:30:01 - [TEST_STEP][PASSED] - maximizeWindow(): Current window maximized

2023-08-30 20:30:01 - [MESSAGE][PASSED] - Current window maximized

2023-08-30 20:30:01 - [TEST_STEP][PASSED] - verifyElementPresent(findTestObject("1. Login/halaman home swag labs"), 0): Object 'Object Repository/1. Login/halaman home swag labs' is present

2023-08-30 20:30:01 - [MESSAGE][WARNING] - Timeout '0' is invalid. Using default page load timeout: '30'

2023-08-30 20:30:02 - [MESSAGE][PASSED] - Object 'Object Repository/1. Login/halaman home swag labs' is present

2023-08-30 20:30:02 - [TEST_STEP][PASSED] - setText(findTestObject("1. Login/input username"), username): Text 'standard_user' is set on object 'Object Repository/1. Login/input username'

2023-08-30 20:30:03 - [MESSAGE][PASSED] - Text 'standard_user' is set on object 'Object Repository/1. Login/input username'

2023-08-30 20:30:03 - [TEST_STEP][PASSED] - setEncryptedText(findTestObject("1. Login/input password"), password): Text ****** has been set on object 'Object Repository/1. Login/input password'

2023-08-30 20:30:03 - [MESSAGE][PASSED] - Text ****** has been set on object 'Object Repository/1. Login/input password'

2023-08-30 20:30:03 - [TEST_STEP][PASSED] - click(findTestObject("1. Login/button Login")): Object: 'Object Repository/1. Login/button Login' is clicked on

2023-08-30 20:30:04 - [MESSAGE][PASSED] - Object: 'Object Repository/1. Login/button Login' is clicked on

2023-08-30 20:30:04 - [TEST_STEP][PASSED] - verifyElementText(findTestObject("1. Login/home product atau halaman Swag Labs"), "Swag Labs"): Actual text and expected text of test object 'Object Repository/1. Login/home product atau halaman Swag Labs' are matched.

2023-08-30 20:30:04 - [MESSAGE][PASSED] - Actual text and expected text of test object 'Object Repository/1. Login/home product atau halaman Swag Labs' are matched.

2023-08-30 20:30:04 - [MESSAGE][PASSED] - Call Test Case 'Test Cases/1. login/TC-Login-Success-001' successfully

2023-08-30 20:30:04 - [MESSAGE][PASSED] - Call Test Case 'Test Cases/2. Products/TC-Product-Show-001' successfully

2023-08-30 20:30:04 - [TEST_STEP][PASSED] - click(findTestObject("Products/button_Add to cart 1")): Object: 'Object Repository/Products/button_Add to cart 1' is clicked on

2023-08-30 20:30:05 - [MESSAGE][PASSED] - Object: 'Object Repository/Products/button_Add to cart 1' is clicked on

2023-08-30 20:30:05 - [TEST_STEP][PASSED] - verifyElementPresent(findTestObject("Products/shopping cart 1"), 0): Object 'Object Repository/Products/shopping cart 1' is present

2023-08-30 20:30:05 - [MESSAGE][WARNING] - Timeout '0' is invalid. Using default page load timeout: '30'

2023-08-30 20:30:05 - [MESSAGE][PASSED] - Object 'Object Repository/Products/shopping cart 1' is present

2023-08-30 20:30:05 - [TEST_STEP][PASSED] - namaProduk = getText(findTestObject("Products/div_Sauce Labs Backpack")): Text of object 'Object Repository/Products/div_Sauce Labs Backpack' is: 'Sauce Labs Backpack'

2023-08-30 20:30:06 - [MESSAGE][PASSED] - Text of object 'Object Repository/Products/div_Sauce Labs Backpack' is: 'Sauce Labs Backpack'

2023-08-30 20:30:06 - [TEST_STEP][PASSED] - deskripsi = getText(findTestObject("Products/deskripsi")): Text of object 'Object Repository/Products/deskripsi' is: 'carry.allTheThings() with the sleek, streamlined Sly Pack that melds uncompromising style with unequaled laptop and tablet protection.'

2023-08-30 20:30:06 - [MESSAGE][PASSED] - Text of object 'Object Repository/Products/deskripsi' is: 'carry.allTheThings() with the sleek, streamlined Sly Pack that melds uncompromising style with unequaled laptop and tablet protection.'

2023-08-30 20:30:06 - [TEST_STEP][PASSED] - price = getText(findTestObject("Products/harga produk 1")): Text of object 'Object Repository/Products/harga produk 1' is: '$29.99'

2023-08-30 20:30:07 - [MESSAGE][PASSED] - Text of object 'Object Repository/Products/harga produk 1' is: '$29.99'

2023-08-30 20:30:07 - [TEST_STEP][PASSED] - assert trim().equalsIgnoreCase(produkName.trim()): null

2023-08-30 20:30:07 - [TEST_STEP][PASSED] - assert trim().equalsIgnoreCase(deskripsi.trim()): null

2023-08-30 20:30:07 - [TEST_STEP][PASSED] - assert trim().equalsIgnoreCase(price.trim()): null

2023-08-30 20:30:07 - [TEST_STEP][PASSED] - dataProduk = new java.util.HashMap(): null

2023-08-30 20:30:07 - [TEST_STEP][PASSED] - dataProduk.put("namaProduk", namaProduk): null

2023-08-30 20:30:07 - [TEST_STEP][PASSED] - dataProduk.put("deskripsi", deskripsi): null

2023-08-30 20:30:07 - [TEST_STEP][PASSED] - dataProduk.put("price", price): null

2023-08-30 20:30:07 - [TEST_STEP][PASSED] - return dataProduk: null

2023-08-30 20:30:07 - [MESSAGE][PASSED] - Call Test Case 'Test Cases/2. Products/TC-Product-AddCart-001' successfully

2023-08-30 20:30:07 - [TEST_STEP][PASSED] - produk = dataCart1.get("namaProduk"): null

2023-08-30 20:30:07 - [TEST_STEP][PASSED] - Deskripsi = dataCart1.get("deskripsi"): null

2023-08-30 20:30:07 - [TEST_STEP][PASSED] - harga = dataCart1.get("price"): null

2023-08-30 20:30:07 - [TEST_STEP][PASSED] - click(findTestObject("Products/button_Add to cart")): Object: 'Object Repository/Products/button_Add to cart' is clicked on

2023-08-30 20:30:07 - [MESSAGE][PASSED] - Object: 'Object Repository/Products/button_Add to cart' is clicked on

2023-08-30 20:30:07 - [TEST_STEP][PASSED] - namaProduk = getText(findTestObject("Object Repository/Products/nama produk 2")): Text of object 'Object Repository/Products/nama produk 2' is: 'Sauce Labs Bike Light'

2023-08-30 20:30:08 - [MESSAGE][PASSED] - Text of object 'Object Repository/Products/nama produk 2' is: 'Sauce Labs Bike Light'

2023-08-30 20:30:08 - [TEST_STEP][PASSED] - deskripsi = getText(findTestObject("Object Repository/Products/deskripsi produk 2")): Text of object 'Object Repository/Products/deskripsi produk 2' is: 'A red light isn't the desired state in testing but it sure helps when riding your bike at night. Water-resistant with 3 lighting modes, 1 AAA battery included.'

2023-08-30 20:30:08 - [MESSAGE][PASSED] - Text of object 'Object Repository/Products/deskripsi produk 2' is: 'A red light isn't the desired state in testing but it sure helps when riding your bike at night. Water-resistant with 3 lighting modes, 1 AAA battery included.'

2023-08-30 20:30:08 - [TEST_STEP][PASSED] - Harga = getText(findTestObject("Object Repository/Products/harga produk 2")): Text of object 'Object Repository/Products/harga produk 2' is: '$9.99'

2023-08-30 20:30:09 - [MESSAGE][PASSED] - Text of object 'Object Repository/Products/harga produk 2' is: '$9.99'

2023-08-30 20:30:09 - [TEST_STEP][PASSED] - NamaProduk = []: null

2023-08-30 20:30:09 - [TEST_STEP][PASSED] - deskripsiProduk = []: null

2023-08-30 20:30:09 - [TEST_STEP][PASSED] - hargaBarang = []: null

2023-08-30 20:30:09 - [TEST_STEP][PASSED] - for ([i = 0, i < 2, (i++)]): null

2023-08-30 20:30:09 - [TEST_STEP][PASSED] - NamaProduk[0] = produk: null

2023-08-30 20:30:09 - [TEST_STEP][PASSED] - NamaProduk[1] = namaProduk: null

2023-08-30 20:30:09 - [TEST_STEP][PASSED] - deskripsiProduk[0] = Deskripsi: null

2023-08-30 20:30:09 - [TEST_STEP][PASSED] - deskripsiProduk[1] = deskripsi: null

2023-08-30 20:30:09 - [TEST_STEP][PASSED] - hargaBarang[0] = harga: null

2023-08-30 20:30:09 - [TEST_STEP][PASSED] - hargaBarang[1] = Harga: null

2023-08-30 20:30:09 - [TEST_STEP][PASSED] - NamaProduk[0] = produk: null

2023-08-30 20:30:09 - [TEST_STEP][PASSED] - NamaProduk[1] = namaProduk: null

2023-08-30 20:30:09 - [TEST_STEP][PASSED] - deskripsiProduk[0] = Deskripsi: null

2023-08-30 20:30:09 - [TEST_STEP][PASSED] - deskripsiProduk[1] = deskripsi: null

2023-08-30 20:30:09 - [TEST_STEP][PASSED] - hargaBarang[0] = harga: null

2023-08-30 20:30:09 - [TEST_STEP][PASSED] - hargaBarang[1] = Harga: null

2023-08-30 20:30:09 - [TEST_STEP][PASSED] - dataProduk2 = new java.util.HashMap(): null

[...]

2023-08-30 20:35:18 - [TEST_STEP][PASSED] - dataProduk.put("namaProduk", namaProduk): null

2023-08-30 20:35:18 - [TEST_STEP][PASSED] - dataProduk.put("deskripsi", deskripsi): null

2023-08-30 20:35:18 - [TEST_STEP][PASSED] - dataProduk.put("price", price): null

2023-08-30 20:35:18 - [TEST_STEP][PASSED] - return dataProduk: null

2023-08-30 20:35:18 - [MESSAGE][PASSED] - Call Test Case 'Test Cases/2. Products/TC-Product-AddCart-001' successfully

2023-08-30 20:35:18 - [TEST_STEP][PASSED] - produk = dataCart1.get("namaProduk"): null

2023-08-30 20:35:18 - [TEST_STEP][PASSED] - Deskripsi = dataCart1.get("deskripsi"): null

2023-08-30 20:35:18 - [TEST_STEP][PASSED] - harga = dataCart1.get("price"): null

2023-08-30 20:35:18 - [TEST_STEP][PASSED] - click(findTestObject("Products/button_Add to cart")): Object: 'Object Repository/Products/button_Add to cart' is clicked on

2023-08-30 20:35:18 - [MESSAGE][PASSED] - Object: 'Object Repository/Products/button_Add to cart' is clicked on

2023-08-30 20:35:18 - [TEST_STEP][PASSED] - namaProduk = getText(findTestObject("Object Repository/Products/nama produk 2")): Text of object 'Object Repository/Products/nama produk 2' is: 'Sauce Labs Bike Light'

2023-08-30 20:35:19 - [MESSAGE][PASSED] - Text of object 'Object Repository/Products/nama produk 2' is: 'Sauce Labs Bike Light'

2023-08-30 20:35:19 - [TEST_STEP][PASSED] - deskripsi = getText(findTestObject("Object Repository/Products/deskripsi produk 2")): Text of object 'Object Repository/Products/deskripsi produk 2' is: 'A red light isn't the desired state in testing but it sure helps when riding your bike at night. Water-resistant with 3 lighting modes, 1 AAA battery included.'

2023-08-30 20:35:20 - [MESSAGE][PASSED] - Text of object 'Object Repository/Products/deskripsi produk 2' is: 'A red light isn't the desired state in testing but it sure helps when riding your bike at night. Water-resistant with 3 lighting modes, 1 AAA battery included.'

2023-08-30 20:35:20 - [TEST_STEP][PASSED] - Harga = getText(findTestObject("Object Repository/Products/harga produk 2")): Text of object 'Object Repository/Products/harga produk 2' is: '$9.99'

2023-08-30 20:35:20 - [MESSAGE][PASSED] - Text of object 'Object Repository/Products/harga produk 2' is: '$9.99'

2023-08-30 20:35:20 - [TEST_STEP][PASSED] - NamaProduk = []: null

2023-08-30 20:35:20 - [TEST_STEP][PASSED] - deskripsiProduk = []: null

2023-08-30 20:35:20 - [TEST_STEP][PASSED] - hargaBarang = []: null

2023-08-30 20:35:20 - [TEST_STEP][PASSED] - for ([i = 0, i < 2, (i++)]): null

2023-08-30 20:35:20 - [TEST_STEP][PASSED] - NamaProduk[0] = produk: null

2023-08-30 20:35:20 - [TEST_STEP][PASSED] - NamaProduk[1] = namaProduk: null

2023-08-30 20:35:20 - [TEST_STEP][PASSED] - deskripsiProduk[0] = Deskripsi: null

2023-08-30 20:35:20 - [TEST_STEP][PASSED] - deskripsiProduk[1] = deskripsi: null

2023-08-30 20:35:20 - [TEST_STEP][PASSED] - hargaBarang[0] = harga: null

2023-08-30 20:35:20 - [TEST_STEP][PASSED] - hargaBarang[1] = Harga: null

2023-08-30 20:35:20 - [TEST_STEP][PASSED] - NamaProduk[0] = produk: null

2023-08-30 20:35:20 - [TEST_STEP][PASSED] - NamaProduk[1] = namaProduk: null

2023-08-30 20:35:20 - [TEST_STEP][PASSED] - deskripsiProduk[0] = Deskripsi: null

2023-08-30 20:35:20 - [TEST_STEP][PASSED] - deskripsiProduk[1] = deskripsi: null

2023-08-30 20:35:20 - [TEST_STEP][PASSED] - hargaBarang[0] = harga: null

2023-08-30 20:35:20 - [TEST_STEP][PASSED] - hargaBarang[1] = Harga: null

2023-08-30 20:35:20 - [TEST_STEP][PASSED] - dataProduk2 = new java.util.HashMap(): null

2023-08-30 20:35:20 - [TEST_STEP][PASSED] - dataProduk2.put("NamaProduk2", NamaProduk): null

2023-08-30 20:35:20 - [TEST_STEP][PASSED] - dataProduk2.put("deskripsiProduk2", deskripsiProduk): null

2023-08-30 20:35:20 - [TEST_STEP][PASSED] - dataProduk2.put("hargaBarang2", hargaBarang): null

2023-08-30 20:35:20 - [TEST_STEP][PASSED] - return dataProduk2: null

2023-08-30 20:35:20 - [MESSAGE][PASSED] - Call Test Case 'Test Cases/2. Products/TC-Product-AddCart-002' successfully

2023-08-30 20:35:20 - [TEST_STEP][PASSED] - nmProduk = dataProduk2.get("NamaProduk2"): null

2023-08-30 20:35:20 - [TEST_STEP][PASSED] - desc = dataProduk2.get("deskripsiProduk2"): null

2023-08-30 20:35:20 - [TEST_STEP][PASSED] - Price = dataProduk2.get("hargaBarang2"): null

2023-08-30 20:35:20 - [TEST_STEP][PASSED] - click(findTestObject("keranjang/keranjang belanja")): Object: 'Object Repository/keranjang/keranjang belanja' is clicked on

2023-08-30 20:35:21 - [MESSAGE][PASSED] - Object: 'Object Repository/keranjang/keranjang belanja' is clicked on

2023-08-30 20:35:21 - [TEST_STEP][PASSED] - verifyElementPresent(findTestObject("keranjang/div_Your Cart"), 0): Object 'Object Repository/keranjang/div_Your Cart' is present

2023-08-30 20:35:21 - [MESSAGE][WARNING] - Timeout '0' is invalid. Using default page load timeout: '30'

2023-08-30 20:35:21 - [MESSAGE][PASSED] - Object 'Object Repository/keranjang/div_Your Cart' is present

2023-08-30 20:35:21 - [TEST_STEP][PASSED] - NamaProdukList = findWebElements(findTestObject("Object Repository/keranjang/nama semua produk(keranjang)"), 5): null

2023-08-30 20:35:22 - [TEST_STEP][PASSED] - DescProdukList = findWebElements(findTestObject("Object Repository/keranjang/desc semua produk"), 5): null

2023-08-30 20:35:22 - [TEST_STEP][PASSED] - hargaProdukList = findWebElements(findTestObject("Object Repository/keranjang/harga semua produk"), 5): null

2023-08-30 20:35:23 - [TEST_STEP][PASSED] - nmProdukOri = new java.util.ArrayList(): null

2023-08-30 20:35:23 - [TEST_STEP][PASSED] - descProdukOri = new java.util.ArrayList(): null

2023-08-30 20:35:23 - [TEST_STEP][PASSED] - hargaProdukOri = new java.util.ArrayList(): null

2023-08-30 20:35:23 - [TEST_STEP][PASSED] - for ([i = 0, i < NamaProdukList.size(), (i++)]): null

2023-08-30 20:35:23 - [TEST_STEP][PASSED] - namaText = text.trim(): null

2023-08-30 20:35:23 - [TEST_STEP][PASSED] - descText = text.trim(): null

2023-08-30 20:35:23 - [TEST_STEP][PASSED] - hargaText = text.trim(): null

2023-08-30 20:35:23 - [TEST_STEP][PASSED] - nmProdukOri.add(namaText): null

2023-08-30 20:35:23 - [TEST_STEP][PASSED] - descProdukOri.add(descText): null

2023-08-30 20:35:23 - [TEST_STEP][PASSED] - hargaProdukOri.add(hargaText): null

2023-08-30 20:35:23 - [TEST_STEP][PASSED] - namaText = text.trim(): null

2023-08-30 20:35:23 - [TEST_STEP][PASSED] - descText = text.trim(): null

2023-08-30 20:35:23 - [TEST_STEP][PASSED] - hargaText = text.trim(): null

2023-08-30 20:35:23 - [TEST_STEP][PASSED] - nmProdukOri.add(namaText): null

2023-08-30 20:35:23 - [TEST_STEP][PASSED] - descProdukOri.add(descText): null

2023-08-30 20:35:23 - [TEST_STEP][PASSED] - hargaProdukOri.add(hargaText): null

2023-08-30 20:35:23 - [TEST_STEP][PASSED] - assert nmProduk == nmProdukOri: null

2023-08-30 20:35:23 - [TEST_STEP][PASSED] - assert desc == descProdukOri: null

2023-08-30 20:35:23 - [TEST_STEP][PASSED] - assert Price == hargaProdukOri: null

2023-08-30 20:35:23 - [TEST_STEP][PASSED] - return dataProduk2: null

2023-08-30 20:35:23 - [MESSAGE][PASSED] - Call Test Case 'Test Cases/4. keranjang/TC-Cart-Show-003' successfully

2023-08-30 20:35:23 - [TEST_STEP][PASSED] - namaProduk = data.get("NamaProduk2"): null

2023-08-30 20:35:23 - [TEST_STEP][PASSED] - desc = data.get("deskripsiProduk2"): null

2023-08-30 20:35:23 - [TEST_STEP][PASSED] - harga = data.get("hargaBarang2"): null

2023-08-30 20:35:23 - [TEST_STEP][PASSED] - click(findTestObject("chekout/button_Checkout")): Object: 'Object Repository/chekout/button_Checkout' is clicked on

2023-08-30 20:35:23 - [MESSAGE][PASSED] - Object: 'Object Repository/chekout/button_Checkout' is clicked on

2023-08-30 20:35:23 - [TEST_STEP][PASSED] - verifyElementPresent(findTestObject("chekout/step 1 Checkout Your Information"), 0): Object 'Object Repository/chekout/step 1 Checkout Your Information' is present

2023-08-30 20:35:24 - [MESSAGE][WARNING] - Timeout '0' is invalid. Using default page load timeout: '30'

2023-08-30 20:35:24 - [MESSAGE][PASSED] - Object 'Object Repository/chekout/step 1 Checkout Your Information' is present

2023-08-30 20:35:24 - [TEST_STEP][PASSED] - setText(findTestObject("chekout/input_firstName_Checkout Your Information"), "Ika"): Text 'Ika' is set on object 'Object Repository/chekout/input_firstName_Checkout Your Information'

2023-08-30 20:35:25 - [MESSAGE][PASSED] - Text 'Ika' is set on object 'Object Repository/chekout/input_firstName_Checkout Your Information'

2023-08-30 20:35:25 - [TEST_STEP][PASSED] - setText(findTestObject("chekout/input_lastName_Checkout Your Information"), "Nur"): Text 'Nur' is set on object 'Object Repository/chekout/input_lastName_Checkout Your Information'

2023-08-30 20:35:26 - [MESSAGE][PASSED] - Text 'Nur' is set on object 'Object Repository/chekout/input_lastName_Checkout Your Information'

2023-08-30 20:35:26 - [TEST_STEP][PASSED] - click(findTestObject("chekout/continue (your Information)")): Object: 'Object Repository/chekout/continue (your Information)' is clicked on

2023-08-30 20:35:26 - [MESSAGE][PASSED] - Object: 'Object Repository/chekout/continue (your Information)' is clicked on

2023-08-30 20:35:26 - [TEST_STEP][PASSED] - verifyElementText(findTestObject("chekout/Error minta input First Name"), "Error: Postal Code is required"): Actual text and expected text of test object 'Object Repository/chekout/Error minta input First Name' are matched.

2023-08-30 20:35:27 - [MESSAGE][PASSED] - Actual text and expected text of test object 'Object Repository/chekout/Error minta input First Name' are matched.]]></system-out>
         <system-err><![CDATA[]]></system-err>
      </testcase>
      <testcase name="Test Cases/6. Logout/TC-Logout-Success-001" time="12.305" classname="Test Cases/6. Logout/TC-Logout-Success-001" status="PASSED">
         <system-out><![CDATA[2023-08-30 20:35:27 - [TEST_CASE][PASSED] - Test Cases/6. Logout/TC-Logout-Success-001: Test Cases/6. Logout/TC-Logout-Success-001

2023-08-30 20:35:28 - [TEST_STEP][PASSED] - callTestCase(findTestCase("1. login/TC-Login-Success-001"), [:], STOP_ON_FAILURE): Call Test Case 'Test Cases/1. login/TC-Login-Success-001' successfully

2023-08-30 20:35:28 - [TEST_CASE][PASSED] - Test Cases/1. login/TC-Login-Success-001: Test Cases/1. login/TC-Login-Success-001

2023-08-30 20:35:28 - [TEST_STEP][PASSED] - openBrowser(web): Browser is opened with url: 'https://www.saucedemo.com/inventory.html'

2023-08-30 20:35:28 - [MESSAGE][WARNING] - A browser is already opened. Closing browser and opening a new one

2023-08-30 20:35:29 - [MESSAGE][INFO] - Starting 'Edge Chromium' driver

2023-08-30 20:35:31 - [MESSAGE][INFO] - Action delay is set to 0 milliseconds

2023-08-30 20:35:33 - [MESSAGE][PASSED] - Browser is opened with url: 'https://www.saucedemo.com/inventory.html'

2023-08-30 20:35:33 - [TEST_STEP][PASSED] - maximizeWindow(): Current window maximized

2023-08-30 20:35:33 - [MESSAGE][PASSED] - Current window maximized

2023-08-30 20:35:33 - [TEST_STEP][PASSED] - verifyElementPresent(findTestObject("1. Login/halaman home swag labs"), 0): Object 'Object Repository/1. Login/halaman home swag labs' is present

2023-08-30 20:35:34 - [MESSAGE][WARNING] - Timeout '0' is invalid. Using default page load timeout: '30'

2023-08-30 20:35:34 - [MESSAGE][PASSED] - Object 'Object Repository/1. Login/halaman home swag labs' is present

2023-08-30 20:35:34 - [TEST_STEP][PASSED] - setText(findTestObject("1. Login/input username"), username): Text 'standard_user' is set on object 'Object Repository/1. Login/input username'

2023-08-30 20:35:35 - [MESSAGE][PASSED] - Text 'standard_user' is set on object 'Object Repository/1. Login/input username'

2023-08-30 20:35:35 - [TEST_STEP][PASSED] - setEncryptedText(findTestObject("1. Login/input password"), password): Text ****** has been set on object 'Object Repository/1. Login/input password'

2023-08-30 20:35:36 - [MESSAGE][PASSED] - Text ****** has been set on object 'Object Repository/1. Login/input password'

2023-08-30 20:35:36 - [TEST_STEP][PASSED] - click(findTestObject("1. Login/button Login")): Object: 'Object Repository/1. Login/button Login' is clicked on

2023-08-30 20:35:36 - [MESSAGE][PASSED] - Object: 'Object Repository/1. Login/button Login' is clicked on

2023-08-30 20:35:36 - [TEST_STEP][PASSED] - verifyElementText(findTestObject("1. Login/home product atau halaman Swag Labs"), "Swag Labs"): Actual text and expected text of test object 'Object Repository/1. Login/home product atau halaman Swag Labs' are matched.

2023-08-30 20:35:37 - [MESSAGE][PASSED] - Actual text and expected text of test object 'Object Repository/1. Login/home product atau halaman Swag Labs' are matched.

2023-08-30 20:35:37 - [MESSAGE][PASSED] - Call Test Case 'Test Cases/1. login/TC-Login-Success-001' successfully

2023-08-30 20:35:37 - [TEST_STEP][PASSED] - click(findTestObject("logout/button hamburger")): Object: 'Object Repository/logout/button hamburger' is clicked on

2023-08-30 20:35:38 - [MESSAGE][PASSED] - Object: 'Object Repository/logout/button hamburger' is clicked on

2023-08-30 20:35:38 - [TEST_STEP][PASSED] - click(findTestObject("logout/a_Logout")): Object: 'Object Repository/logout/a_Logout' is clicked on

2023-08-30 20:35:39 - [MESSAGE][PASSED] - Object: 'Object Repository/logout/a_Logout' is clicked on

2023-08-30 20:35:39 - [TEST_STEP][PASSED] - verifyElementPresent(findTestObject("1. Login/halaman home swag labs"), 0): Object 'Object Repository/1. Login/halaman home swag labs' is present

2023-08-30 20:35:39 - [MESSAGE][WARNING] - Timeout '0' is invalid. Using default page load timeout: '30'

2023-08-30 20:35:39 - [MESSAGE][PASSED] - Object 'Object Repository/1. Login/halaman home swag labs' is present]]></system-out>
         <system-err><![CDATA[]]></system-err>
      </testcase>
      <system-out><![CDATA[2023-08-30 20:27:16 - [TEST_SUITE][FAILED] - test Sauce Demo: Test Cases/1. login/TC-Login-Failed-002 FAILED.
Reason:
com.kms.katalon.core.exception.StepFailedException: Verify element text of test object 'Object Repository/1. Login/error meminta pasword' FAILED.
	at com.kms.katalon.core.webui.keyword.internal.WebUIKeywordMain.stepFailed(WebUIKeywordMain.groovy:64)
	at com.kms.katalon.core.webui.keyword.internal.WebUIKeywordMain.runKeyword(WebUIKeywordMain.groovy:26)
	at com.kms.katalon.core.webui.keyword.builtin.VerifyElementTextKeyword.verifyElementText(VerifyElementTextKeyword.groovy:72)
	at com.kms.katalon.core.webui.keyword.builtin.VerifyElementTextKeyword.execute(VerifyElementTextKeyword.groovy:40)
	at com.kms.katalon.core.keyword.internal.KeywordExecutor.executeKeywordForPlatform(KeywordExecutor.groovy:74)
	at com.kms.katalon.core.webui.keyword.WebUiBuiltInKeywords.verifyElementText(WebUiBuiltInKeywords.groovy:4749)
	at com.kms.katalon.core.webui.keyword.WebUiBuiltInKeywords$verifyElementText$5.call(Unknown Source)
	at TC-Login-Failed-002.run(TC-Login-Failed-002:30)
	at com.kms.katalon.core.main.ScriptEngine.run(ScriptEngine.java:194)
	at com.kms.katalon.core.main.ScriptEngine.runScriptAsRawText(ScriptEngine.java:119)
	at com.kms.katalon.core.main.TestCaseExecutor.runScript(TestCaseExecutor.java:448)
	at com.kms.katalon.core.main.TestCaseExecutor.doExecute(TestCaseExecutor.java:439)
	at com.kms.katalon.core.main.TestCaseExecutor.processExecutionPhase(TestCaseExecutor.java:418)
	at com.kms.katalon.core.main.TestCaseExecutor.accessMainPhase(TestCaseExecutor.java:410)
	at com.kms.katalon.core.main.TestCaseExecutor.execute(TestCaseExecutor.java:285)
	at com.kms.katalon.core.common.CommonExecutor.accessTestCaseMainPhase(CommonExecutor.java:65)
	at com.kms.katalon.core.main.TestSuiteExecutor.accessTestSuiteMainPhase(TestSuiteExecutor.java:148)
	at com.kms.katalon.core.main.TestSuiteExecutor.execute(TestSuiteExecutor.java:106)
	at com.kms.katalon.core.main.TestCaseMain.startTestSuite(TestCaseMain.java:187)
	at com.kms.katalon.core.main.TestCaseMain$startTestSuite$0.call(Unknown Source)
	at TempTestSuite1693402027019.run(TempTestSuite1693402027019.groovy:36)
Caused by: com.kms.katalon.core.exception.StepFailedException: Actual text 'Epic sadface: Password is required' and expected text 'Login failed! Please ensure the password are valid.' of test object 'Object Repository/1. Login/error meminta pasword' are NOT matched.
	at com.kms.katalon.core.webui.keyword.internal.WebUIKeywordMain.stepFailed(WebUIKeywordMain.groovy:64)
	at com.kms.katalon.core.webui.keyword.builtin.VerifyElementTextKeyword$_verifyElementText_closure1.doCall(VerifyElementTextKeyword.groovy:57)
	at com.kms.katalon.core.webui.keyword.builtin.VerifyElementTextKeyword$_verifyElementText_closure1.call(VerifyElementTextKeyword.groovy)
	at com.kms.katalon.core.webui.keyword.internal.WebUIKeywordMain.runKeyword(WebUIKeywordMain.groovy:20)
	... 19 more]]></system-out>
      <system-err><![CDATA[2023-08-30 20:27:16 - [TEST_SUITE][FAILED] - test Sauce Demo: Test Cases/1. login/TC-Login-Failed-002 FAILED.
Reason:
com.kms.katalon.core.exception.StepFailedException: Verify element text of test object 'Object Repository/1. Login/error meminta pasword' FAILED.
	at com.kms.katalon.core.webui.keyword.internal.WebUIKeywordMain.stepFailed(WebUIKeywordMain.groovy:64)
	at com.kms.katalon.core.webui.keyword.internal.WebUIKeywordMain.runKeyword(WebUIKeywordMain.groovy:26)
	at com.kms.katalon.core.webui.keyword.builtin.VerifyElementTextKeyword.verifyElementText(VerifyElementTextKeyword.groovy:72)
	at com.kms.katalon.core.webui.keyword.builtin.VerifyElementTextKeyword.execute(VerifyElementTextKeyword.groovy:40)
	at com.kms.katalon.core.keyword.internal.KeywordExecutor.executeKeywordForPlatform(KeywordExecutor.groovy:74)
	at com.kms.katalon.core.webui.keyword.WebUiBuiltInKeywords.verifyElementText(WebUiBuiltInKeywords.groovy:4749)
	at com.kms.katalon.core.webui.keyword.WebUiBuiltInKeywords$verifyElementText$5.call(Unknown Source)
	at TC-Login-Failed-002.run(TC-Login-Failed-002:30)
	at com.kms.katalon.core.main.ScriptEngine.run(ScriptEngine.java:194)
	at com.kms.katalon.core.main.ScriptEngine.runScriptAsRawText(ScriptEngine.java:119)
	at com.kms.katalon.core.main.TestCaseExecutor.runScript(TestCaseExecutor.java:448)
	at com.kms.katalon.core.main.TestCaseExecutor.doExecute(TestCaseExecutor.java:439)
	at com.kms.katalon.core.main.TestCaseExecutor.processExecutionPhase(TestCaseExecutor.java:418)
	at com.kms.katalon.core.main.TestCaseExecutor.accessMainPhase(TestCaseExecutor.java:410)
	at com.kms.katalon.core.main.TestCaseExecutor.execute(TestCaseExecutor.java:285)
	at com.kms.katalon.core.common.CommonExecutor.accessTestCaseMainPhase(CommonExecutor.java:65)
	at com.kms.katalon.core.main.TestSuiteExecutor.accessTestSuiteMainPhase(TestSuiteExecutor.java:148)
	at com.kms.katalon.core.main.TestSuiteExecutor.execute(TestSuiteExecutor.java:106)
	at com.kms.katalon.core.main.TestCaseMain.startTestSuite(TestCaseMain.java:187)
	at com.kms.katalon.core.main.TestCaseMain$startTestSuite$0.call(Unknown Source)
	at TempTestSuite1693402027019.run(TempTestSuite1693402027019.groovy:36)
Caused by: com.kms.katalon.core.exception.StepFailedException: Actual text 'Epic sadface: Password is required' and expected text 'Login failed! Please ensure the password are valid.' of test object 'Object Repository/1. Login/error meminta pasword' are NOT matched.
	at com.kms.katalon.core.webui.keyword.internal.WebUIKeywordMain.stepFailed(WebUIKeywordMain.groovy:64)
	at com.kms.katalon.core.webui.keyword.builtin.VerifyElementTextKeyword$_verifyElementText_closure1.doCall(VerifyElementTextKeyword.groovy:57)
	at com.kms.katalon.core.webui.keyword.builtin.VerifyElementTextKeyword$_verifyElementText_closure1.call(VerifyElementTextKeyword.groovy)
	at com.kms.katalon.core.webui.keyword.internal.WebUIKeywordMain.runKeyword(WebUIKeywordMain.groovy:20)
	... 19 more]]></system-err>
   </testsuite>
</testsuites>
